<?xml version="1.0" encoding="UTF-8"?>
<!-- Generated by org.testng.reporters.JUnitXMLReporter -->
<testsuite hostname="DHQWB1" ignored="25" tests="0" failures="0" timestamp="26 Nov 2021 06:44:08 GMT" time="0.02" errors="0">
  <testcase name="TC94_IJW_VERIFY_DELIVERY_ORDER_ASAP" time="0.0" classname="com.testscripts.framework.TestIJW">
    <ignored/>
  </testcase> <!-- TC94_IJW_VERIFY_DELIVERY_ORDER_ASAP -->
  <testcase name="IJW_VERIFY_DELIVERY_ORDER_ASAP_FOR_2ITEMS" time="0.0" classname="com.testscripts.framework.TestIJW">
    <ignored/>
  </testcase> <!-- IJW_VERIFY_DELIVERY_ORDER_ASAP_FOR_2ITEMS -->
  <testcase name="TC_DOORDASH_IJW_VERIFY_DELIVERY_TOMORROW" time="0.0" classname="com.testscripts.framework.TestIJW">
    <ignored/>
  </testcase> <!-- TC_DOORDASH_IJW_VERIFY_DELIVERY_TOMORROW -->
  <testcase name="TC_DOORDASH_IJW_VERIFY_REMOVEITEM_AFTER_CHECKOUT_WHEN_MANYITEM_PRESENT" time="0.0" classname="com.testscripts.framework.TestIJW">
    <ignored/>
  </testcase> <!-- TC_DOORDASH_IJW_VERIFY_REMOVEITEM_AFTER_CHECKOUT_WHEN_MANYITEM_PRESENT -->
  <testcase name="TC_DOORDASH_IJW_VERIFY_REMOVE_AN_ITEM_WHEN_MANY_PRESENT_BEFORE_CHECKOUT" time="0.0" classname="com.testscripts.framework.TestIJW">
    <ignored/>
  </testcase> <!-- TC_DOORDASH_IJW_VERIFY_REMOVE_AN_ITEM_WHEN_MANY_PRESENT_BEFORE_CHECKOUT -->
  <testcase name="TC91_ValidateItemIncreaseDecrease" time="0.0" classname="com.testscripts.framework.TestIJW">
    <ignored/>
  </testcase> <!-- TC91_ValidateItemIncreaseDecrease -->
  <testcase name="TC01_DOORDASH_IJW_LoginLogout" time="0.0" classname="com.testscripts.framework.TestIJW">
    <ignored/>
  </testcase> <!-- TC01_DOORDASH_IJW_LoginLogout -->
  <testcase name="TC06_IJW_VERIFY_Homepage_UI" time="0.0" classname="com.testscripts.framework.TestIJW">
    <ignored/>
  </testcase> <!-- TC06_IJW_VERIFY_Homepage_UI -->
  <testcase name="TC_IJW_VERIFY_PICKUP_ORDER_ASAP" time="0.0" classname="com.testscripts.framework.TestIJW">
    <ignored/>
  </testcase> <!-- TC_IJW_VERIFY_PICKUP_ORDER_ASAP -->
  <testcase name="TC93_IJW_ValidatePickupScheduleLater" time="0.0" classname="com.testscripts.framework.TestIJW">
    <ignored/>
  </testcase> <!-- TC93_IJW_ValidatePickupScheduleLater -->
  <testcase name="TC92_IJW_VERIFY_ORDER_MODES" time="0.0" classname="com.testscripts.framework.TestIJW">
    <ignored/>
  </testcase> <!-- TC92_IJW_VERIFY_ORDER_MODES -->
  <testcase name="TC90_VERIFY_ITEM_ADDTOCART_CHECKOUT" time="0.0" classname="com.testscripts.framework.TestIJW">
    <ignored/>
  </testcase> <!-- TC90_VERIFY_ITEM_ADDTOCART_CHECKOUT -->
  <testcase name="TC_DOORDASH_IJW_VERIFY_VIEWORDERS" time="0.0" classname="com.testscripts.framework.TestIJW">
    <ignored/>
  </testcase> <!-- TC_DOORDASH_IJW_VERIFY_VIEWORDERS -->
  <testcase name="TC09_IJW_ValidateMenuPrice" time="0.0" classname="com.testscripts.framework.TestIJW">
    <ignored/>
  </testcase> <!-- TC09_IJW_ValidateMenuPrice -->
  <testcase name="TC07_IJW_ValidateMenuCategory" time="0.0" classname="com.testscripts.framework.TestIJW">
    <ignored/>
  </testcase> <!-- TC07_IJW_ValidateMenuCategory -->
  <testcase name="TC03_IJW_VERIFY_ADDTOCART" time="0.0" classname="com.testscripts.framework.TestIJW">
    <ignored/>
  </testcase> <!-- TC03_IJW_VERIFY_ADDTOCART -->
  <testcase name="TC_DOORDASH_IJW_VERIFY_REORDER" time="0.0" classname="com.testscripts.framework.TestIJW">
    <ignored/>
  </testcase> <!-- TC_DOORDASH_IJW_VERIFY_REORDER -->
  <testcase name="TC_DOORDASH_IJW_VERIFY_REMOVEITEMWHEN_NO_ITEM_BEFORE_CHECKOUT" time="0.0" classname="com.testscripts.framework.TestIJW">
    <ignored/>
  </testcase> <!-- TC_DOORDASH_IJW_VERIFY_REMOVEITEMWHEN_NO_ITEM_BEFORE_CHECKOUT -->
  <testcase name="TC04_IJW_CHROME_VERIFY_Checkout" time="0.0" classname="com.testscripts.framework.TestIJW">
    <ignored/>
  </testcase> <!-- TC04_IJW_CHROME_VERIFY_Checkout -->
  <testcase name="TC_DOORDASH_IJW_VERIFY_REMOVEITEM_BEFORE_CHECKOUT" time="0.0" classname="com.testscripts.framework.TestIJW">
    <ignored/>
  </testcase> <!-- TC_DOORDASH_IJW_VERIFY_REMOVEITEM_BEFORE_CHECKOUT -->
  <testcase name="TC95_IJW_VERIFY_DELIVERY_SCHEDULE_ORDER_TODAY" time="0.0" classname="com.testscripts.framework.TestIJW">
    <ignored/>
  </testcase> <!-- TC95_IJW_VERIFY_DELIVERY_SCHEDULE_ORDER_TODAY -->
  <testcase name="TC_DOORDASH_IJW_VERIFY_VIEWPREVIOUSORDERS" time="0.0" classname="com.testscripts.framework.TestIJW">
    <ignored/>
  </testcase> <!-- TC_DOORDASH_IJW_VERIFY_VIEWPREVIOUSORDERS -->
  <testcase name="TC_DOORDASH_IJW_VERIFY_REMOVEITEM_AFTER_CHECKOUT" time="0.0" classname="com.testscripts.framework.TestIJW">
    <ignored/>
  </testcase> <!-- TC_DOORDASH_IJW_VERIFY_REMOVEITEM_AFTER_CHECKOUT -->
  <testcase name="TC08_IJW_ValidateMenuDescription" time="0.0" classname="com.testscripts.framework.TestIJW">
    <ignored/>
  </testcase> <!-- TC08_IJW_ValidateMenuDescription -->
  <testcase name="TC05_IJW_EnterTipAmountZero" time="0.0" classname="com.testscripts.framework.TestIJW">
    <ignored/>
  </testcase> <!-- TC05_IJW_EnterTipAmountZero -->
</testsuite>
