<?xml version="1.0" encoding="UTF-8"?>
<!-- Generated by org.testng.reporters.JUnitXMLReporter -->
<testsuite hostname="LTIN137680" ignored="42" tests="0" failures="0" timestamp="11 Nov 2021 10:01:43 GMT" time="0.211" errors="0">
  <testcase name="TC33_ANDROID_BROWSER_QA2_CurbsideOrder_GuestUser_TestCase" time="0.0" classname="com.testscripts.framework.TestChilisAndroidBrowser">
    <ignored/>
  </testcase> <!-- TC33_ANDROID_BROWSER_QA2_CurbsideOrder_GuestUser_TestCase -->
  <testcase name="TC05_ANDROID_BROWSER_CurbSideLaterTodayOrder_MCAUser_TestCase" time="0.0" classname="com.testscripts.framework.TestChilisAndroidBrowser">
    <ignored/>
  </testcase> <!-- TC05_ANDROID_BROWSER_CurbSideLaterTodayOrder_MCAUser_TestCase -->
  <testcase name="TC42_ANDROID_BROWSER_QA2_AddMyVisit_TestCase" time="0.0" classname="com.testscripts.framework.TestChilisAndroidBrowser">
    <ignored/>
  </testcase> <!-- TC42_ANDROID_BROWSER_QA2_AddMyVisit_TestCase -->
  <testcase name="TC32_ANDROID_BROWSER_QA2_CarryOutFutureOrder_TestCase" time="0.0" classname="com.testscripts.framework.TestChilisAndroidBrowser">
    <ignored/>
  </testcase> <!-- TC32_ANDROID_BROWSER_QA2_CarryOutFutureOrder_TestCase -->
  <testcase name="TC10_ANDROID_BROWSER_Reorder_TestCase" time="0.0" classname="com.testscripts.framework.TestChilisAndroidBrowser">
    <ignored/>
  </testcase> <!-- TC10_ANDROID_BROWSER_Reorder_TestCase -->
  <testcase name="TC13_ANDROID_BROWSER_DeliveryASAP_GuestUser_TestCase" time="0.0" classname="com.testscripts.framework.TestChilisAndroidBrowser">
    <ignored/>
  </testcase> <!-- TC13_ANDROID_BROWSER_DeliveryASAP_GuestUser_TestCase -->
  <testcase name="TC20_ANDROID_BROWSER_CarryOutFutureCustomizedOrder_GuestUser_TestCase" time="0.0" classname="com.testscripts.framework.TestChilisAndroidBrowser">
    <ignored/>
  </testcase> <!-- TC20_ANDROID_BROWSER_CarryOutFutureCustomizedOrder_GuestUser_TestCase -->
  <testcase name="TC07_ANDROID_BROWSER_DeliveryASAPOrder_MCAUser_TestCase" time="0.0" classname="com.testscripts.framework.TestChilisAndroidBrowser">
    <ignored/>
  </testcase> <!-- TC07_ANDROID_BROWSER_DeliveryASAPOrder_MCAUser_TestCase -->
  <testcase name="TC03_ANDROID_BROWSER_CurbsideASAPorder_MCAUser_TestCase" time="0.0" classname="com.testscripts.framework.TestChilisAndroidBrowser">
    <ignored/>
  </testcase> <!-- TC03_ANDROID_BROWSER_CurbsideASAPorder_MCAUser_TestCase -->
  <testcase name="TC21_ANDROID_BROWSER_AddMyVisit_TestCase" time="0.0" classname="com.testscripts.framework.TestChilisAndroidBrowser">
    <ignored/>
  </testcase> <!-- TC21_ANDROID_BROWSER_AddMyVisit_TestCase -->
  <testcase name="TC11_ANDROID_BROWSER_CarryOutFutureOrder_TestCase" time="0.0" classname="com.testscripts.framework.TestChilisAndroidBrowser">
    <ignored/>
  </testcase> <!-- TC11_ANDROID_BROWSER_CarryOutFutureOrder_TestCase -->
  <testcase name="TC27_ANDROID_BROWSER_QA2_CarryOutASAPOrder_MCAUser_TestCase" time="0.0" classname="com.testscripts.framework.TestChilisAndroidBrowser">
    <ignored/>
  </testcase> <!-- TC27_ANDROID_BROWSER_QA2_CarryOutASAPOrder_MCAUser_TestCase -->
  <testcase name="TC34_ANDROID_BROWSER_QA2_DeliveryASAP_GuestUser_TestCase" time="0.0" classname="com.testscripts.framework.TestChilisAndroidBrowser">
    <ignored/>
  </testcase> <!-- TC34_ANDROID_BROWSER_QA2_DeliveryASAP_GuestUser_TestCase -->
  <testcase name="TC40_ANDROID_BROWSER_QA2_CurbsideCustomizationOrder_MCAUser_TestCase" time="0.0" classname="com.testscripts.framework.TestChilisAndroidBrowser">
    <ignored/>
  </testcase> <!-- TC40_ANDROID_BROWSER_QA2_CurbsideCustomizationOrder_MCAUser_TestCase -->
  <testcase name="TC28_ANDROID_BROWSER_QA2_DeliveryASAPOrder_MCAUser_TestCase" time="0.0" classname="com.testscripts.framework.TestChilisAndroidBrowser">
    <ignored/>
  </testcase> <!-- TC28_ANDROID_BROWSER_QA2_DeliveryASAPOrder_MCAUser_TestCase -->
  <testcase name="TC15_ANDROID_BROWSER_RewardsValidation_loggedInUser_TestCase" time="0.0" classname="com.testscripts.framework.TestChilisAndroidBrowser">
    <ignored/>
  </testcase> <!-- TC15_ANDROID_BROWSER_RewardsValidation_loggedInUser_TestCase -->
  <testcase name="TC12_ANDROID_BROWSER_CurbsideOrder_GuestUser_TestCase" time="0.0" classname="com.testscripts.framework.TestChilisAndroidBrowser">
    <ignored/>
  </testcase> <!-- TC12_ANDROID_BROWSER_CurbsideOrder_GuestUser_TestCase -->
  <testcase name="TC23_ANDROID_BROWSER_QA2_LoggedInUserOrder_TestCase" time="0.0" classname="com.testscripts.framework.TestChilisAndroidBrowser">
    <ignored/>
  </testcase> <!-- TC23_ANDROID_BROWSER_QA2_LoggedInUserOrder_TestCase -->
  <testcase name="TC18_ANDROID_BROWSER_UpdateMyAccount_TestCase" time="0.0" classname="com.testscripts.framework.TestChilisAndroidBrowser">
    <ignored/>
  </testcase> <!-- TC18_ANDROID_BROWSER_UpdateMyAccount_TestCase -->
  <testcase name="TC36_ANDROID_BROWSER_QA2_RewardsValidation_loggedInUser_TestCase" time="0.0" classname="com.testscripts.framework.TestChilisAndroidBrowser">
    <ignored/>
  </testcase> <!-- TC36_ANDROID_BROWSER_QA2_RewardsValidation_loggedInUser_TestCase -->
  <testcase name="TC01_ANDROID_BROWSER_LoginLogout_TestCase" time="0.0" classname="com.testscripts.framework.TestChilisAndroidBrowser">
    <ignored/>
  </testcase> <!-- TC01_ANDROID_BROWSER_LoginLogout_TestCase -->
  <testcase name="TC35_ANDROID_BROWSER_QA2_deliveryLaterTodayOrder_GuestUser_TestCase" time="0.0" classname="com.testscripts.framework.TestChilisAndroidBrowser">
    <ignored/>
  </testcase> <!-- TC35_ANDROID_BROWSER_QA2_deliveryLaterTodayOrder_GuestUser_TestCase -->
  <testcase name="TC02_ANDROID_BROWSER_LoggedInUserOrder_TestCase" time="0.0" classname="com.testscripts.framework.TestChilisAndroidBrowser">
    <ignored/>
  </testcase> <!-- TC02_ANDROID_BROWSER_LoggedInUserOrder_TestCase -->
  <testcase name="TC38_ANDROID_BROWSER_QA2_ValidateFavouriteItems_TestCase" time="0.0" classname="com.testscripts.framework.TestChilisAndroidBrowser">
    <ignored/>
  </testcase> <!-- TC38_ANDROID_BROWSER_QA2_ValidateFavouriteItems_TestCase -->
  <testcase name="TC37_ANDROID_BROWSER_QA2_ValidateLocationSearch_TestCase" time="0.0" classname="com.testscripts.framework.TestChilisAndroidBrowser">
    <ignored/>
  </testcase> <!-- TC37_ANDROID_BROWSER_QA2_ValidateLocationSearch_TestCase -->
  <testcase name="TC14_ANDROID_BROWSER_deliveryLaterTodayOrder_GuestUser_TestCase" time="0.0" classname="com.testscripts.framework.TestChilisAndroidBrowser">
    <ignored/>
  </testcase> <!-- TC14_ANDROID_BROWSER_deliveryLaterTodayOrder_GuestUser_TestCase -->
  <testcase name="TC25_ANDROID_BROWSER_QA2_CarryOutLaterTodayOrder_MCAUser_TestCase" time="0.0" classname="com.testscripts.framework.TestChilisAndroidBrowser">
    <ignored/>
  </testcase> <!-- TC25_ANDROID_BROWSER_QA2_CarryOutLaterTodayOrder_MCAUser_TestCase -->
  <testcase name="TC41_ANDROID_BROWSER_QA2_CarryOutFutureCustomizedOrder_GuestUser_TestCase" time="0.0" classname="com.testscripts.framework.TestChilisAndroidBrowser">
    <ignored/>
  </testcase> <!-- TC41_ANDROID_BROWSER_QA2_CarryOutFutureCustomizedOrder_GuestUser_TestCase -->
  <testcase name="TC16_ANDROID_BROWSER_ValidateLocationSearch_TestCase" time="0.0" classname="com.testscripts.framework.TestChilisAndroidBrowser">
    <ignored/>
  </testcase> <!-- TC16_ANDROID_BROWSER_ValidateLocationSearch_TestCase -->
  <testcase name="TC22_ANDROID_BROWSER_QA2_LoginLogout_TestCase" time="0.0" classname="com.testscripts.framework.TestChilisAndroidBrowser">
    <ignored/>
  </testcase> <!-- TC22_ANDROID_BROWSER_QA2_LoginLogout_TestCase -->
  <testcase name="TC29_ANDROID_BROWSER_QA2_DeliveryLaterTodayOrder_MCAUser_TestCase" time="0.0" classname="com.testscripts.framework.TestChilisAndroidBrowser">
    <ignored/>
  </testcase> <!-- TC29_ANDROID_BROWSER_QA2_DeliveryLaterTodayOrder_MCAUser_TestCase -->
  <testcase name="TC04_ANDROID_BROWSER_CarryOutLaterTodayOrder_MCAUser_TestCase" time="0.0" classname="com.testscripts.framework.TestChilisAndroidBrowser">
    <ignored/>
  </testcase> <!-- TC04_ANDROID_BROWSER_CarryOutLaterTodayOrder_MCAUser_TestCase -->
  <testcase name="TC06_ANDROID_BROWSER_CarryOutASAPOrder_MCAUser_TestCase" time="0.0" classname="com.testscripts.framework.TestChilisAndroidBrowser">
    <ignored/>
  </testcase> <!-- TC06_ANDROID_BROWSER_CarryOutASAPOrder_MCAUser_TestCase -->
  <testcase name="TC09_ANDROID_BROWSER_PlaceOrderWithRewards_TestCase" time="0.0" classname="com.testscripts.framework.TestChilisAndroidBrowser">
    <ignored/>
  </testcase> <!-- TC09_ANDROID_BROWSER_PlaceOrderWithRewards_TestCase -->
  <testcase name="TC30_ANDROID_BROWSER_QA2_PlaceOrderWithRewards_TestCase" time="0.0" classname="com.testscripts.framework.TestChilisAndroidBrowser">
    <ignored/>
  </testcase> <!-- TC30_ANDROID_BROWSER_QA2_PlaceOrderWithRewards_TestCase -->
  <testcase name="TC39_ANDROID_BROWSER_QA2_UpdateMyAccount_TestCase" time="0.0" classname="com.testscripts.framework.TestChilisAndroidBrowser">
    <ignored/>
  </testcase> <!-- TC39_ANDROID_BROWSER_QA2_UpdateMyAccount_TestCase -->
  <testcase name="TC19_ANDROID_BROWSER_CurbsideCustomizationOrder_MCAUser_TestCase" time="0.0" classname="com.testscripts.framework.TestChilisAndroidBrowser">
    <ignored/>
  </testcase> <!-- TC19_ANDROID_BROWSER_CurbsideCustomizationOrder_MCAUser_TestCase -->
  <testcase name="TC31_ANDROID_BROWSER_QA2_Reorder_TestCase" time="0.0" classname="com.testscripts.framework.TestChilisAndroidBrowser">
    <ignored/>
  </testcase> <!-- TC31_ANDROID_BROWSER_QA2_Reorder_TestCase -->
  <testcase name="TC24_ANDROID_BROWSER_QA2_CurbsideASAPorder_MCAUser_TestCase" time="0.0" classname="com.testscripts.framework.TestChilisAndroidBrowser">
    <ignored/>
  </testcase> <!-- TC24_ANDROID_BROWSER_QA2_CurbsideASAPorder_MCAUser_TestCase -->
  <testcase name="TC08_ANDROID_BROWSER_DeliveryLaterTodayOrder_MCAUser_TestCase" time="0.0" classname="com.testscripts.framework.TestChilisAndroidBrowser">
    <ignored/>
  </testcase> <!-- TC08_ANDROID_BROWSER_DeliveryLaterTodayOrder_MCAUser_TestCase -->
  <testcase name="TC17_ANDROID_BROWSER_ValidateFavouriteItems_TestCase" time="0.0" classname="com.testscripts.framework.TestChilisAndroidBrowser">
    <ignored/>
  </testcase> <!-- TC17_ANDROID_BROWSER_ValidateFavouriteItems_TestCase -->
  <testcase name="TC26_ANDROID_BROWSER_QA2_CurbSideLaterTodayOrder_MCAUser_TestCase" time="0.0" classname="com.testscripts.framework.TestChilisAndroidBrowser">
    <ignored/>
  </testcase> <!-- TC26_ANDROID_BROWSER_QA2_CurbSideLaterTodayOrder_MCAUser_TestCase -->
</testsuite>
