<?xml version="1.0" encoding="UTF-8"?>
<!-- Generated by org.testng.reporters.JUnitXMLReporter -->
<testsuite hostname="DHQWB1" ignored="21" tests="0" failures="0" timestamp="25 Nov 2021 05:48:13 GMT" time="0.935" errors="0">
  <testcase name="TC27_ANDROID_BROWSER_QA2_CarryOutASAPOrder_MCAUser_TestCase" time="0.0" classname="com.testscripts.framework.TestChilisAndroidBrowser_QA3">
    <ignored/>
  </testcase> <!-- TC27_ANDROID_BROWSER_QA2_CarryOutASAPOrder_MCAUser_TestCase -->
  <testcase name="TC40_ANDROID_BROWSER_QA2_CurbsideCustomizationOrder_MCAUser_TestCase" time="0.0" classname="com.testscripts.framework.TestChilisAndroidBrowser_QA3">
    <ignored/>
  </testcase> <!-- TC40_ANDROID_BROWSER_QA2_CurbsideCustomizationOrder_MCAUser_TestCase -->
  <testcase name="TC39_ANDROID_BROWSER_QA2_UpdateMyAccount_TestCase" time="0.0" classname="com.testscripts.framework.TestChilisAndroidBrowser_QA3">
    <ignored/>
  </testcase> <!-- TC39_ANDROID_BROWSER_QA2_UpdateMyAccount_TestCase -->
  <testcase name="TC38_ANDROID_BROWSER_QA2_ValidateFavouriteItems_TestCase" time="0.0" classname="com.testscripts.framework.TestChilisAndroidBrowser_QA3">
    <ignored/>
  </testcase> <!-- TC38_ANDROID_BROWSER_QA2_ValidateFavouriteItems_TestCase -->
  <testcase name="TC28_ANDROID_BROWSER_QA2_DeliveryASAPOrder_MCAUser_TestCase" time="0.0" classname="com.testscripts.framework.TestChilisAndroidBrowser_QA3">
    <ignored/>
  </testcase> <!-- TC28_ANDROID_BROWSER_QA2_DeliveryASAPOrder_MCAUser_TestCase -->
  <testcase name="TC31_ANDROID_BROWSER_QA2_Reorder_TestCase" time="0.0" classname="com.testscripts.framework.TestChilisAndroidBrowser_QA3">
    <ignored/>
  </testcase> <!-- TC31_ANDROID_BROWSER_QA2_Reorder_TestCase -->
  <testcase name="TC24_ANDROID_BROWSER_QA2_CurbsideASAPorder_MCAUser_TestCase" time="0.0" classname="com.testscripts.framework.TestChilisAndroidBrowser_QA3">
    <ignored/>
  </testcase> <!-- TC24_ANDROID_BROWSER_QA2_CurbsideASAPorder_MCAUser_TestCase -->
  <testcase name="TC30_ANDROID_BROWSER_QA2_PlaceOrderWithRewards_TestCase" time="0.0" classname="com.testscripts.framework.TestChilisAndroidBrowser_QA3">
    <ignored/>
  </testcase> <!-- TC30_ANDROID_BROWSER_QA2_PlaceOrderWithRewards_TestCase -->
  <testcase name="TC23_ANDROID_BROWSER_QA2_LoggedInUserOrder_TestCase" time="0.0" classname="com.testscripts.framework.TestChilisAndroidBrowser_QA3">
    <ignored/>
  </testcase> <!-- TC23_ANDROID_BROWSER_QA2_LoggedInUserOrder_TestCase -->
  <testcase name="TC42_ANDROID_BROWSER_QA2_AddMyVisit_TestCase" time="0.0" classname="com.testscripts.framework.TestChilisAndroidBrowser_QA3">
    <ignored/>
  </testcase> <!-- TC42_ANDROID_BROWSER_QA2_AddMyVisit_TestCase -->
  <testcase name="TC36_ANDROID_BROWSER_QA2_RewardsValidation_loggedInUser_TestCase" time="0.0" classname="com.testscripts.framework.TestChilisAndroidBrowser_QA3">
    <ignored/>
  </testcase> <!-- TC36_ANDROID_BROWSER_QA2_RewardsValidation_loggedInUser_TestCase -->
  <testcase name="TC34_ANDROID_BROWSER_QA2_DeliveryASAP_GuestUser_TestCase" time="0.0" classname="com.testscripts.framework.TestChilisAndroidBrowser_QA3">
    <ignored/>
  </testcase> <!-- TC34_ANDROID_BROWSER_QA2_DeliveryASAP_GuestUser_TestCase -->
  <testcase name="TC35_ANDROID_BROWSER_QA2_deliveryLaterTodayOrder_GuestUser_TestCase" time="0.0" classname="com.testscripts.framework.TestChilisAndroidBrowser_QA3">
    <ignored/>
  </testcase> <!-- TC35_ANDROID_BROWSER_QA2_deliveryLaterTodayOrder_GuestUser_TestCase -->
  <testcase name="TC26_ANDROID_BROWSER_QA2_CurbSideLaterTodayOrder_MCAUser_TestCase" time="0.0" classname="com.testscripts.framework.TestChilisAndroidBrowser_QA3">
    <ignored/>
  </testcase> <!-- TC26_ANDROID_BROWSER_QA2_CurbSideLaterTodayOrder_MCAUser_TestCase -->
  <testcase name="TC41_ANDROID_BROWSER_QA2_CarryOutFutureCustomizedOrder_GuestUser_TestCase" time="0.0" classname="com.testscripts.framework.TestChilisAndroidBrowser_QA3">
    <ignored/>
  </testcase> <!-- TC41_ANDROID_BROWSER_QA2_CarryOutFutureCustomizedOrder_GuestUser_TestCase -->
  <testcase name="TC33_ANDROID_BROWSER_QA2_CurbsideOrder_GuestUser_TestCase" time="0.0" classname="com.testscripts.framework.TestChilisAndroidBrowser_QA3">
    <ignored/>
  </testcase> <!-- TC33_ANDROID_BROWSER_QA2_CurbsideOrder_GuestUser_TestCase -->
  <testcase name="TC37_ANDROID_BROWSER_QA2_ValidateLocationSearch_TestCase" time="0.0" classname="com.testscripts.framework.TestChilisAndroidBrowser_QA3">
    <ignored/>
  </testcase> <!-- TC37_ANDROID_BROWSER_QA2_ValidateLocationSearch_TestCase -->
  <testcase name="TC32_ANDROID_BROWSER_QA2_CarryOutFutureOrder_TestCase" time="0.0" classname="com.testscripts.framework.TestChilisAndroidBrowser_QA3">
    <ignored/>
  </testcase> <!-- TC32_ANDROID_BROWSER_QA2_CarryOutFutureOrder_TestCase -->
  <testcase name="TC22_ANDROID_BROWSER_QA2_LoginLogout_TestCase" time="0.0" classname="com.testscripts.framework.TestChilisAndroidBrowser_QA3">
    <ignored/>
  </testcase> <!-- TC22_ANDROID_BROWSER_QA2_LoginLogout_TestCase -->
  <testcase name="TC29_ANDROID_BROWSER_QA2_DeliveryLaterTodayOrder_MCAUser_TestCase" time="0.0" classname="com.testscripts.framework.TestChilisAndroidBrowser_QA3">
    <ignored/>
  </testcase> <!-- TC29_ANDROID_BROWSER_QA2_DeliveryLaterTodayOrder_MCAUser_TestCase -->
  <testcase name="TC25_ANDROID_BROWSER_QA2_CarryOutLaterTodayOrder_MCAUser_TestCase" time="0.0" classname="com.testscripts.framework.TestChilisAndroidBrowser_QA3">
    <ignored/>
  </testcase> <!-- TC25_ANDROID_BROWSER_QA2_CarryOutLaterTodayOrder_MCAUser_TestCase -->
</testsuite>
