<?xml version="1.0" encoding="UTF-8"?>
<!-- Generated by org.testng.reporters.JUnitXMLReporter -->
<testsuite hostname="LTIN137680" ignored="0" name="Test Chilis In Android App in QA3" tests="21" failures="0" timestamp="12 Nov 2021 09:48:05 GMT" time="22.332" errors="0">
  <testcase name="@BeforeMethod initialize" time="0.0" classname="com.testscripts.framework.TestChilisAndroidApp_QA3">
    <failure type="org.openqa.selenium.WebDriverException" message="It is impossible to create a new session because &amp;apos;createSession&amp;apos; which takes HttpClient, InputStream and long was not found or it is not accessible
Build info: version: &amp;apos;3.12.0&amp;apos;, revision: &amp;apos;7c6e0b3&amp;apos;, time: &amp;apos;2018-05-08T14:04:26.12Z&amp;apos;
System info: host: &amp;apos;LTIN137680&amp;apos;, ip: &amp;apos;10.198.237.97&amp;apos;, os.name: &amp;apos;Windows 10&amp;apos;, os.arch: &amp;apos;amd64&amp;apos;, os.version: &amp;apos;10.0&amp;apos;, java.version: &amp;apos;1.8.0_291&amp;apos;
Driver info: driver.version: AndroidDriver">
      <![CDATA[org.openqa.selenium.WebDriverException: It is impossible to create a new session because 'createSession' which takes HttpClient, InputStream and long was not found or it is not accessible
Build info: version: '3.12.0', revision: '7c6e0b3', time: '2018-05-08T14:04:26.12Z'
System info: host: 'LTIN137680', ip: '10.198.237.97', os.name: 'Windows 10', os.arch: 'amd64', os.version: '10.0', java.version: '1.8.0_291'
Driver info: driver.version: AndroidDriver
	at io.appium.java_client.remote.AppiumCommandExecutor$1.createSession(AppiumCommandExecutor.java:195)
	at io.appium.java_client.remote.AppiumCommandExecutor.createSession(AppiumCommandExecutor.java:209)
	at io.appium.java_client.remote.AppiumCommandExecutor.execute(AppiumCommandExecutor.java:231)
	at org.openqa.selenium.remote.RemoteWebDriver.execute(RemoteWebDriver.java:543)
	at io.appium.java_client.DefaultGenericMobileDriver.execute(DefaultGenericMobileDriver.java:42)
	at io.appium.java_client.AppiumDriver.execute(AppiumDriver.java:1)
	at io.appium.java_client.android.AndroidDriver.execute(AndroidDriver.java:1)
	at org.openqa.selenium.remote.RemoteWebDriver.startSession(RemoteWebDriver.java:207)
	at org.openqa.selenium.remote.RemoteWebDriver.<init>(RemoteWebDriver.java:130)
	at io.appium.java_client.DefaultGenericMobileDriver.<init>(DefaultGenericMobileDriver.java:38)
	at io.appium.java_client.AppiumDriver.<init>(AppiumDriver.java:84)
	at io.appium.java_client.AppiumDriver.<init>(AppiumDriver.java:94)
	at io.appium.java_client.android.AndroidDriver.<init>(AndroidDriver.java:93)
	at com.testscripts.framework.TestChilisAndroidApp_QA3.initialize(TestChilisAndroidApp_QA3.java:43)
	at io.appium.java_client.remote.AppiumCommandExecutor$1.createSession(AppiumCommandExecutor.java:185)
	... 40 more
Caused by: java.net.ConnectException: Failed to connect to cloud.seetest.io/199.203.3.214:443
	at okhttp3.internal.connection.RealConnection.connectSocket(RealConnection.java:240)
	at okhttp3.internal.connection.RealConnection.connect(RealConnection.java:158)
	at okhttp3.internal.connection.StreamAllocation.findConnection(StreamAllocation.java:256)
	at okhttp3.internal.connection.StreamAllocation.findHealthyConnection(StreamAllocation.java:134)
	at okhttp3.internal.connection.StreamAllocation.newStream(StreamAllocation.java:113)
	at okhttp3.internal.connection.ConnectInterceptor.intercept(ConnectInterceptor.java:42)
	at okhttp3.internal.http.RealInterceptorChain.proceed(RealInterceptorChain.java:147)
	at okhttp3.internal.http.RealInterceptorChain.proceed(RealInterceptorChain.java:121)
	at okhttp3.internal.cache.CacheInterceptor.intercept(CacheInterceptor.java:93)
	at okhttp3.internal.http.RealInterceptorChain.proceed(RealInterceptorChain.java:147)
	at okhttp3.internal.http.RealInterceptorChain.proceed(RealInterceptorChain.java:121)
	at okhttp3.internal.http.BridgeInterceptor.intercept(BridgeInterceptor.java:93)
	at okhttp3.internal.http.RealInterceptorChain.proceed(RealInterceptorChain.java:147)
	at okhttp3.internal.http.RetryAndFollowUpInterceptor.intercept(RetryAndFollowUpInterceptor.java:125)
	at okhttp3.internal.http.RealInterceptorChain.proceed(RealInterceptorChain.java:147)
	at okhttp3.internal.http.RealInterceptorChain.proceed(RealInterceptorChain.java:121)
	at okhttp3.RealCall.getResponseWithInterceptorChain(RealCall.java:200)
	at okhttp3.RealCall.execute(RealCall.java:77)
	at org.openqa.selenium.remote.internal.OkHttpClient.execute(OkHttpClient.java:105)
	at org.openqa.selenium.remote.ProtocolHandshake.createSession(ProtocolHandshake.java:101)
	... 45 more
Caused by: java.net.ConnectException: Connection timed out: connect
	at java.net.DualStackPlainSocketImpl.waitForConnect(Native Method)
	at java.net.DualStackPlainSocketImpl.socketConnect(Unknown Source)
	at java.net.AbstractPlainSocketImpl.doConnect(Unknown Source)
	at java.net.AbstractPlainSocketImpl.connectToAddress(Unknown Source)
	at java.net.AbstractPlainSocketImpl.connect(Unknown Source)
	at java.net.PlainSocketImpl.connect(Unknown Source)
	at java.net.SocksSocketImpl.connect(Unknown Source)
	at java.net.Socket.connect(Unknown Source)
	at okhttp3.internal.platform.Platform.connectSocket(Platform.java:125)
	at okhttp3.internal.connection.RealConnection.connectSocket(RealConnection.java:238)
	... 64 more
... Removed 32 stack frames]]>
    </failure>
  </testcase> <!-- @BeforeMethod initialize -->
  <testcase name="@AfterMethod tearDown" time="0.0" classname="com.testscripts.framework.TestChilisAndroidApp_QA3">
    <skipped/>
  </testcase> <!-- @AfterMethod tearDown -->
  <testcase name="@BeforeMethod initialize" time="0.0" classname="com.testscripts.framework.TestChilisAndroidApp_QA3">
    <skipped/>
  </testcase> <!-- @BeforeMethod initialize -->
  <testcase name="@AfterMethod tearDown" time="0.0" classname="com.testscripts.framework.TestChilisAndroidApp_QA3">
    <skipped/>
  </testcase> <!-- @AfterMethod tearDown -->
  <testcase name="@BeforeMethod initialize" time="0.0" classname="com.testscripts.framework.TestChilisAndroidApp_QA3">
    <skipped/>
  </testcase> <!-- @BeforeMethod initialize -->
  <testcase name="@AfterMethod tearDown" time="0.0" classname="com.testscripts.framework.TestChilisAndroidApp_QA3">
    <skipped/>
  </testcase> <!-- @AfterMethod tearDown -->
  <testcase name="@BeforeMethod initialize" time="0.0" classname="com.testscripts.framework.TestChilisAndroidApp_QA3">
    <skipped/>
  </testcase> <!-- @BeforeMethod initialize -->
  <testcase name="@AfterMethod tearDown" time="0.0" classname="com.testscripts.framework.TestChilisAndroidApp_QA3">
    <skipped/>
  </testcase> <!-- @AfterMethod tearDown -->
  <testcase name="@BeforeMethod initialize" time="0.0" classname="com.testscripts.framework.TestChilisAndroidApp_QA3">
    <skipped/>
  </testcase> <!-- @BeforeMethod initialize -->
  <testcase name="@AfterMethod tearDown" time="0.0" classname="com.testscripts.framework.TestChilisAndroidApp_QA3">
    <skipped/>
  </testcase> <!-- @AfterMethod tearDown -->
  <testcase name="@BeforeMethod initialize" time="0.0" classname="com.testscripts.framework.TestChilisAndroidApp_QA3">
    <skipped/>
  </testcase> <!-- @BeforeMethod initialize -->
  <testcase name="@AfterMethod tearDown" time="0.0" classname="com.testscripts.framework.TestChilisAndroidApp_QA3">
    <skipped/>
  </testcase> <!-- @AfterMethod tearDown -->
  <testcase name="@BeforeMethod initialize" time="0.0" classname="com.testscripts.framework.TestChilisAndroidApp_QA3">
    <skipped/>
  </testcase> <!-- @BeforeMethod initialize -->
  <testcase name="@AfterMethod tearDown" time="0.0" classname="com.testscripts.framework.TestChilisAndroidApp_QA3">
    <skipped/>
  </testcase> <!-- @AfterMethod tearDown -->
  <testcase name="@BeforeMethod initialize" time="0.0" classname="com.testscripts.framework.TestChilisAndroidApp_QA3">
    <skipped/>
  </testcase> <!-- @BeforeMethod initialize -->
  <testcase name="@AfterMethod tearDown" time="0.0" classname="com.testscripts.framework.TestChilisAndroidApp_QA3">
    <skipped/>
  </testcase> <!-- @AfterMethod tearDown -->
  <testcase name="@BeforeMethod initialize" time="0.0" classname="com.testscripts.framework.TestChilisAndroidApp_QA3">
    <skipped/>
  </testcase> <!-- @BeforeMethod initialize -->
  <testcase name="@AfterMethod tearDown" time="0.0" classname="com.testscripts.framework.TestChilisAndroidApp_QA3">
    <skipped/>
  </testcase> <!-- @AfterMethod tearDown -->
  <testcase name="@BeforeMethod initialize" time="0.0" classname="com.testscripts.framework.TestChilisAndroidApp_QA3">
    <skipped/>
  </testcase> <!-- @BeforeMethod initialize -->
  <testcase name="@AfterMethod tearDown" time="0.0" classname="com.testscripts.framework.TestChilisAndroidApp_QA3">
    <skipped/>
  </testcase> <!-- @AfterMethod tearDown -->
  <testcase name="@BeforeMethod initialize" time="0.0" classname="com.testscripts.framework.TestChilisAndroidApp_QA3">
    <skipped/>
  </testcase> <!-- @BeforeMethod initialize -->
  <testcase name="@AfterMethod tearDown" time="0.0" classname="com.testscripts.framework.TestChilisAndroidApp_QA3">
    <skipped/>
  </testcase> <!-- @AfterMethod tearDown -->
  <testcase name="@BeforeMethod initialize" time="0.0" classname="com.testscripts.framework.TestChilisAndroidApp_QA3">
    <skipped/>
  </testcase> <!-- @BeforeMethod initialize -->
  <testcase name="@AfterMethod tearDown" time="0.0" classname="com.testscripts.framework.TestChilisAndroidApp_QA3">
    <skipped/>
  </testcase> <!-- @AfterMethod tearDown -->
  <testcase name="@BeforeMethod initialize" time="0.0" classname="com.testscripts.framework.TestChilisAndroidApp_QA3">
    <skipped/>
  </testcase> <!-- @BeforeMethod initialize -->
  <testcase name="@AfterMethod tearDown" time="0.0" classname="com.testscripts.framework.TestChilisAndroidApp_QA3">
    <skipped/>
  </testcase> <!-- @AfterMethod tearDown -->
  <testcase name="@BeforeMethod initialize" time="0.0" classname="com.testscripts.framework.TestChilisAndroidApp_QA3">
    <skipped/>
  </testcase> <!-- @BeforeMethod initialize -->
  <testcase name="@AfterMethod tearDown" time="0.0" classname="com.testscripts.framework.TestChilisAndroidApp_QA3">
    <skipped/>
  </testcase> <!-- @AfterMethod tearDown -->
  <testcase name="@BeforeMethod initialize" time="0.0" classname="com.testscripts.framework.TestChilisAndroidApp_QA3">
    <skipped/>
  </testcase> <!-- @BeforeMethod initialize -->
  <testcase name="@AfterMethod tearDown" time="0.0" classname="com.testscripts.framework.TestChilisAndroidApp_QA3">
    <skipped/>
  </testcase> <!-- @AfterMethod tearDown -->
  <testcase name="@BeforeMethod initialize" time="0.0" classname="com.testscripts.framework.TestChilisAndroidApp_QA3">
    <skipped/>
  </testcase> <!-- @BeforeMethod initialize -->
  <testcase name="@AfterMethod tearDown" time="0.0" classname="com.testscripts.framework.TestChilisAndroidApp_QA3">
    <skipped/>
  </testcase> <!-- @AfterMethod tearDown -->
  <testcase name="@BeforeMethod initialize" time="0.0" classname="com.testscripts.framework.TestChilisAndroidApp_QA3">
    <skipped/>
  </testcase> <!-- @BeforeMethod initialize -->
  <testcase name="@AfterMethod tearDown" time="0.0" classname="com.testscripts.framework.TestChilisAndroidApp_QA3">
    <skipped/>
  </testcase> <!-- @AfterMethod tearDown -->
  <testcase name="@BeforeMethod initialize" time="0.0" classname="com.testscripts.framework.TestChilisAndroidApp_QA3">
    <skipped/>
  </testcase> <!-- @BeforeMethod initialize -->
  <testcase name="@AfterMethod tearDown" time="0.0" classname="com.testscripts.framework.TestChilisAndroidApp_QA3">
    <skipped/>
  </testcase> <!-- @AfterMethod tearDown -->
  <testcase name="@BeforeMethod initialize" time="0.0" classname="com.testscripts.framework.TestChilisAndroidApp_QA3">
    <skipped/>
  </testcase> <!-- @BeforeMethod initialize -->
  <testcase name="@AfterMethod tearDown" time="0.0" classname="com.testscripts.framework.TestChilisAndroidApp_QA3">
    <skipped/>
  </testcase> <!-- @AfterMethod tearDown -->
  <testcase name="@BeforeMethod initialize" time="0.0" classname="com.testscripts.framework.TestChilisAndroidApp_QA3">
    <skipped/>
  </testcase> <!-- @BeforeMethod initialize -->
  <testcase name="@AfterMethod tearDown" time="0.0" classname="com.testscripts.framework.TestChilisAndroidApp_QA3">
    <skipped/>
  </testcase> <!-- @AfterMethod tearDown -->
  <testcase name="@BeforeMethod initialize" time="0.0" classname="com.testscripts.framework.TestChilisAndroidApp_QA3">
    <skipped/>
  </testcase> <!-- @BeforeMethod initialize -->
  <testcase name="@AfterMethod tearDown" time="0.0" classname="com.testscripts.framework.TestChilisAndroidApp_QA3">
    <skipped/>
  </testcase> <!-- @AfterMethod tearDown -->
  <testcase name="TC22_ANDROID_APP_QA2_loginLogout_TestCase" time="0.045" classname="com.testscripts.framework.TestChilisAndroidApp_QA3">
    <skipped/>
  </testcase> <!-- TC22_ANDROID_APP_QA2_loginLogout_TestCase -->
  <testcase name="TC23_ANDROID_APP_QA2_validateLocationSearch_TestCase" time="0.001" classname="com.testscripts.framework.TestChilisAndroidApp_QA3">
    <skipped/>
  </testcase> <!-- TC23_ANDROID_APP_QA2_validateLocationSearch_TestCase -->
  <testcase name="TC24_ANDROID_APP_QA2_validateRewards_SignedInUser_TestCase" time="0.001" classname="com.testscripts.framework.TestChilisAndroidApp_QA3">
    <skipped/>
  </testcase> <!-- TC24_ANDROID_APP_QA2_validateRewards_SignedInUser_TestCase -->
  <testcase name="TC25_ANDROID_APP_QA2_validateChilisFavouriteItems_TestCase" time="0.001" classname="com.testscripts.framework.TestChilisAndroidApp_QA3">
    <skipped/>
  </testcase> <!-- TC25_ANDROID_APP_QA2_validateChilisFavouriteItems_TestCase -->
  <testcase name="TC26_ANDROID_APP_QA2_loggedInUserOrder_TestCase" time="0.001" classname="com.testscripts.framework.TestChilisAndroidApp_QA3">
    <skipped/>
  </testcase> <!-- TC26_ANDROID_APP_QA2_loggedInUserOrder_TestCase -->
  <testcase name="TC27_ANDROID_APP_QA2_AddMyVisit_TestCase" time="0.001" classname="com.testscripts.framework.TestChilisAndroidApp_QA3">
    <skipped/>
  </testcase> <!-- TC27_ANDROID_APP_QA2_AddMyVisit_TestCase -->
  <testcase name="TC28_ANDROID_APP_QA2_CurbsideOrder_GuestUser_TestCase" time="0.0" classname="com.testscripts.framework.TestChilisAndroidApp_QA3">
    <skipped/>
  </testcase> <!-- TC28_ANDROID_APP_QA2_CurbsideOrder_GuestUser_TestCase -->
  <testcase name="TC29_ANDROID_APP_QA2_CarryOutASAP_MCAUser_TestCase" time="0.0" classname="com.testscripts.framework.TestChilisAndroidApp_QA3">
    <skipped/>
  </testcase> <!-- TC29_ANDROID_APP_QA2_CarryOutASAP_MCAUser_TestCase -->
  <testcase name="TC30_ANDROID_APP_QA2_CurbsideASAP_MCAUser_TestCase" time="0.001" classname="com.testscripts.framework.TestChilisAndroidApp_QA3">
    <skipped/>
  </testcase> <!-- TC30_ANDROID_APP_QA2_CurbsideASAP_MCAUser_TestCase -->
  <testcase name="TC31_ANDROID_APP_QA2_CarryOutLaterToday_MCAUser_TestCase" time="0.0" classname="com.testscripts.framework.TestChilisAndroidApp_QA3">
    <skipped/>
  </testcase> <!-- TC31_ANDROID_APP_QA2_CarryOutLaterToday_MCAUser_TestCase -->
  <testcase name="TC32_ANDROID_APP_QA2_CurbsideLaterToday_MCAUser_TestCase" time="0.001" classname="com.testscripts.framework.TestChilisAndroidApp_QA3">
    <skipped/>
  </testcase> <!-- TC32_ANDROID_APP_QA2_CurbsideLaterToday_MCAUser_TestCase -->
  <testcase name="TC33_ANDROID_APP_QA2_DeliveryLaterToday_MCAUser_TestCase" time="0.0" classname="com.testscripts.framework.TestChilisAndroidApp_QA3">
    <skipped/>
  </testcase> <!-- TC33_ANDROID_APP_QA2_DeliveryLaterToday_MCAUser_TestCase -->
  <testcase name="TC34_ANDROID_APP_QA2_DeliveryASAP_MCAUser_TestCase" time="0.0" classname="com.testscripts.framework.TestChilisAndroidApp_QA3">
    <skipped/>
  </testcase> <!-- TC34_ANDROID_APP_QA2_DeliveryASAP_MCAUser_TestCase -->
  <testcase name="TC35_ANDROID_APP_QA2_DeliveryLaterTodayOrder_GuestUser_TestCase" time="0.001" classname="com.testscripts.framework.TestChilisAndroidApp_QA3">
    <skipped/>
  </testcase> <!-- TC35_ANDROID_APP_QA2_DeliveryLaterTodayOrder_GuestUser_TestCase -->
  <testcase name="TC36_ANDROID_APP_QA2_DeliveryASAPOrder_GuestUser_TestCase" time="0.001" classname="com.testscripts.framework.TestChilisAndroidApp_QA3">
    <skipped/>
  </testcase> <!-- TC36_ANDROID_APP_QA2_DeliveryASAPOrder_GuestUser_TestCase -->
  <testcase name="TC37_ANDROID_APP_QA2_CurbsideItemCustomization_MCAUser_TestCase" time="0.0" classname="com.testscripts.framework.TestChilisAndroidApp_QA3">
    <skipped/>
  </testcase> <!-- TC37_ANDROID_APP_QA2_CurbsideItemCustomization_MCAUser_TestCase -->
  <testcase name="TC38_ANDROID_APP_QA2_CarryOutFutureDateOrder_MCAUser_TestCase" time="0.001" classname="com.testscripts.framework.TestChilisAndroidApp_QA3">
    <skipped/>
  </testcase> <!-- TC38_ANDROID_APP_QA2_CarryOutFutureDateOrder_MCAUser_TestCase -->
  <testcase name="TC39_ANDROID_APP_QA2_CarryOutFutureOrderItemCustomization_GuestUser_TestCase" time="0.0" classname="com.testscripts.framework.TestChilisAndroidApp_QA3">
    <skipped/>
  </testcase> <!-- TC39_ANDROID_APP_QA2_CarryOutFutureOrderItemCustomization_GuestUser_TestCase -->
  <testcase name="TC40_ANDROID_APP_QA2_Reorder_TestCase" time="0.002" classname="com.testscripts.framework.TestChilisAndroidApp_QA3">
    <skipped/>
  </testcase> <!-- TC40_ANDROID_APP_QA2_Reorder_TestCase -->
  <testcase name="TC41_ANDROID_APP_QA2_UpdateMyAccount_TestCase" time="0.001" classname="com.testscripts.framework.TestChilisAndroidApp_QA3">
    <skipped/>
  </testcase> <!-- TC41_ANDROID_APP_QA2_UpdateMyAccount_TestCase -->
  <testcase name="TC42_ANDROID_APP_QA2_PlaceOrderWithRewards_TestCase" time="0.001" classname="com.testscripts.framework.TestChilisAndroidApp_QA3">
    <skipped/>
  </testcase> <!-- TC42_ANDROID_APP_QA2_PlaceOrderWithRewards_TestCase -->
</testsuite> <!-- Test Chilis In Android App in QA3 -->
