<?xml version="1.0" encoding="UTF-8"?>
<!-- Generated by org.testng.reporters.JUnitXMLReporter -->
<testsuite hostname="DHQWB1" ignored="21" tests="0" failures="0" timestamp="25 Nov 2021 05:48:13 GMT" time="0.014" errors="0">
  <testcase name="TC41_ANDROID_APP_QA2_UpdateMyAccount_TestCase" time="0.0" classname="com.testscripts.framework.TestChilisAndroidApp_QA3">
    <ignored/>
  </testcase> <!-- TC41_ANDROID_APP_QA2_UpdateMyAccount_TestCase -->
  <testcase name="TC31_ANDROID_APP_QA2_CarryOutLaterToday_MCAUser_TestCase" time="0.0" classname="com.testscripts.framework.TestChilisAndroidApp_QA3">
    <ignored/>
  </testcase> <!-- TC31_ANDROID_APP_QA2_CarryOutLaterToday_MCAUser_TestCase -->
  <testcase name="TC29_ANDROID_APP_QA2_CarryOutASAP_MCAUser_TestCase" time="0.0" classname="com.testscripts.framework.TestChilisAndroidApp_QA3">
    <ignored/>
  </testcase> <!-- TC29_ANDROID_APP_QA2_CarryOutASAP_MCAUser_TestCase -->
  <testcase name="TC24_ANDROID_APP_QA2_validateRewards_SignedInUser_TestCase" time="0.0" classname="com.testscripts.framework.TestChilisAndroidApp_QA3">
    <ignored/>
  </testcase> <!-- TC24_ANDROID_APP_QA2_validateRewards_SignedInUser_TestCase -->
  <testcase name="TC32_ANDROID_APP_QA2_CurbsideLaterToday_MCAUser_TestCase" time="0.0" classname="com.testscripts.framework.TestChilisAndroidApp_QA3">
    <ignored/>
  </testcase> <!-- TC32_ANDROID_APP_QA2_CurbsideLaterToday_MCAUser_TestCase -->
  <testcase name="TC39_ANDROID_APP_QA2_CarryOutFutureOrderItemCustomization_GuestUser_TestCase" time="0.0" classname="com.testscripts.framework.TestChilisAndroidApp_QA3">
    <ignored/>
  </testcase> <!-- TC39_ANDROID_APP_QA2_CarryOutFutureOrderItemCustomization_GuestUser_TestCase -->
  <testcase name="TC37_ANDROID_APP_QA2_CurbsideItemCustomization_MCAUser_TestCase" time="0.0" classname="com.testscripts.framework.TestChilisAndroidApp_QA3">
    <ignored/>
  </testcase> <!-- TC37_ANDROID_APP_QA2_CurbsideItemCustomization_MCAUser_TestCase -->
  <testcase name="TC23_ANDROID_APP_QA2_validateLocationSearch_TestCase" time="0.0" classname="com.testscripts.framework.TestChilisAndroidApp_QA3">
    <ignored/>
  </testcase> <!-- TC23_ANDROID_APP_QA2_validateLocationSearch_TestCase -->
  <testcase name="TC26_ANDROID_APP_QA2_loggedInUserOrder_TestCase" time="0.0" classname="com.testscripts.framework.TestChilisAndroidApp_QA3">
    <ignored/>
  </testcase> <!-- TC26_ANDROID_APP_QA2_loggedInUserOrder_TestCase -->
  <testcase name="TC38_ANDROID_APP_QA2_CarryOutFutureDateOrder_MCAUser_TestCase" time="0.0" classname="com.testscripts.framework.TestChilisAndroidApp_QA3">
    <ignored/>
  </testcase> <!-- TC38_ANDROID_APP_QA2_CarryOutFutureDateOrder_MCAUser_TestCase -->
  <testcase name="TC22_ANDROID_APP_QA2_loginLogout_TestCase" time="0.0" classname="com.testscripts.framework.TestChilisAndroidApp_QA3">
    <ignored/>
  </testcase> <!-- TC22_ANDROID_APP_QA2_loginLogout_TestCase -->
  <testcase name="TC36_ANDROID_APP_QA2_DeliveryASAPOrder_GuestUser_TestCase" time="0.0" classname="com.testscripts.framework.TestChilisAndroidApp_QA3">
    <ignored/>
  </testcase> <!-- TC36_ANDROID_APP_QA2_DeliveryASAPOrder_GuestUser_TestCase -->
  <testcase name="TC27_ANDROID_APP_QA2_AddMyVisit_TestCase" time="0.0" classname="com.testscripts.framework.TestChilisAndroidApp_QA3">
    <ignored/>
  </testcase> <!-- TC27_ANDROID_APP_QA2_AddMyVisit_TestCase -->
  <testcase name="TC42_ANDROID_APP_QA2_PlaceOrderWithRewards_TestCase" time="0.0" classname="com.testscripts.framework.TestChilisAndroidApp_QA3">
    <ignored/>
  </testcase> <!-- TC42_ANDROID_APP_QA2_PlaceOrderWithRewards_TestCase -->
  <testcase name="TC25_ANDROID_APP_QA2_validateChilisFavouriteItems_TestCase" time="0.0" classname="com.testscripts.framework.TestChilisAndroidApp_QA3">
    <ignored/>
  </testcase> <!-- TC25_ANDROID_APP_QA2_validateChilisFavouriteItems_TestCase -->
  <testcase name="TC34_ANDROID_APP_QA2_DeliveryASAP_MCAUser_TestCase" time="0.0" classname="com.testscripts.framework.TestChilisAndroidApp_QA3">
    <ignored/>
  </testcase> <!-- TC34_ANDROID_APP_QA2_DeliveryASAP_MCAUser_TestCase -->
  <testcase name="TC30_ANDROID_APP_QA2_CurbsideASAP_MCAUser_TestCase" time="0.0" classname="com.testscripts.framework.TestChilisAndroidApp_QA3">
    <ignored/>
  </testcase> <!-- TC30_ANDROID_APP_QA2_CurbsideASAP_MCAUser_TestCase -->
  <testcase name="TC33_ANDROID_APP_QA2_DeliveryLaterToday_MCAUser_TestCase" time="0.0" classname="com.testscripts.framework.TestChilisAndroidApp_QA3">
    <ignored/>
  </testcase> <!-- TC33_ANDROID_APP_QA2_DeliveryLaterToday_MCAUser_TestCase -->
  <testcase name="TC28_ANDROID_APP_QA2_CurbsideOrder_GuestUser_TestCase" time="0.0" classname="com.testscripts.framework.TestChilisAndroidApp_QA3">
    <ignored/>
  </testcase> <!-- TC28_ANDROID_APP_QA2_CurbsideOrder_GuestUser_TestCase -->
  <testcase name="TC35_ANDROID_APP_QA2_DeliveryLaterTodayOrder_GuestUser_TestCase" time="0.0" classname="com.testscripts.framework.TestChilisAndroidApp_QA3">
    <ignored/>
  </testcase> <!-- TC35_ANDROID_APP_QA2_DeliveryLaterTodayOrder_GuestUser_TestCase -->
  <testcase name="TC40_ANDROID_APP_QA2_Reorder_TestCase" time="0.0" classname="com.testscripts.framework.TestChilisAndroidApp_QA3">
    <ignored/>
  </testcase> <!-- TC40_ANDROID_APP_QA2_Reorder_TestCase -->
</testsuite>
