<?xml version="1.0" encoding="UTF-8"?>
<!-- Generated by org.testng.reporters.JUnitXMLReporter -->
<testsuite hostname="LTIN137680" ignored="42" tests="0" failures="0" timestamp="11 Nov 2021 10:01:43 GMT" time="0.001" errors="0">
  <testcase name="TC20_ANDROID_APP_UpdateMyAccount_TestCase" time="0.0" classname="com.testscripts.framework.TestChilisAndroidApp">
    <ignored/>
  </testcase> <!-- TC20_ANDROID_APP_UpdateMyAccount_TestCase -->
  <testcase name="TC14_ANDROID_APP_DeliveryLaterTodayOrder_GuestUser_TestCase" time="0.0" classname="com.testscripts.framework.TestChilisAndroidApp">
    <ignored/>
  </testcase> <!-- TC14_ANDROID_APP_DeliveryLaterTodayOrder_GuestUser_TestCase -->
  <testcase name="TC40_ANDROID_APP_QA2_Reorder_TestCase" time="0.0" classname="com.testscripts.framework.TestChilisAndroidApp">
    <ignored/>
  </testcase> <!-- TC40_ANDROID_APP_QA2_Reorder_TestCase -->
  <testcase name="TC18_ANDROID_APP_CarryOutFutureOrderItemCustomization_GuestUser_TestCase" time="0.0" classname="com.testscripts.framework.TestChilisAndroidApp">
    <ignored/>
  </testcase> <!-- TC18_ANDROID_APP_CarryOutFutureOrderItemCustomization_GuestUser_TestCase -->
  <testcase name="TC34_ANDROID_APP_QA2_DeliveryASAP_MCAUser_TestCase" time="0.0" classname="com.testscripts.framework.TestChilisAndroidApp">
    <ignored/>
  </testcase> <!-- TC34_ANDROID_APP_QA2_DeliveryASAP_MCAUser_TestCase -->
  <testcase name="TC30_ANDROID_APP_QA2_CurbsideASAP_MCAUser_TestCase" time="0.0" classname="com.testscripts.framework.TestChilisAndroidApp">
    <ignored/>
  </testcase> <!-- TC30_ANDROID_APP_QA2_CurbsideASAP_MCAUser_TestCase -->
  <testcase name="TC02_ANDROID_APP_validateLocationSearch_TestCase" time="0.0" classname="com.testscripts.framework.TestChilisAndroidApp">
    <ignored/>
  </testcase> <!-- TC02_ANDROID_APP_validateLocationSearch_TestCase -->
  <testcase name="TC28_ANDROID_APP_QA2_CurbsideOrder_GuestUser_TestCase" time="0.0" classname="com.testscripts.framework.TestChilisAndroidApp">
    <ignored/>
  </testcase> <!-- TC28_ANDROID_APP_QA2_CurbsideOrder_GuestUser_TestCase -->
  <testcase name="TC19_ANDROID_APP_Reorder_TestCase" time="0.0" classname="com.testscripts.framework.TestChilisAndroidApp">
    <ignored/>
  </testcase> <!-- TC19_ANDROID_APP_Reorder_TestCase -->
  <testcase name="TC07_ANDROID_APP_CurbsideOrder_GuestUser_TestCase" time="0.0" classname="com.testscripts.framework.TestChilisAndroidApp">
    <ignored/>
  </testcase> <!-- TC07_ANDROID_APP_CurbsideOrder_GuestUser_TestCase -->
  <testcase name="TC05_ANDROID_APP_loggedInUserOrder_TestCase" time="0.0" classname="com.testscripts.framework.TestChilisAndroidApp">
    <ignored/>
  </testcase> <!-- TC05_ANDROID_APP_loggedInUserOrder_TestCase -->
  <testcase name="TC08_ANDROID_APP_CarryOutASAP_MCAUser_TestCase" time="0.0" classname="com.testscripts.framework.TestChilisAndroidApp">
    <ignored/>
  </testcase> <!-- TC08_ANDROID_APP_CarryOutASAP_MCAUser_TestCase -->
  <testcase name="TC25_ANDROID_APP_QA2_validateChilisFavouriteItems_TestCase" time="0.0" classname="com.testscripts.framework.TestChilisAndroidApp">
    <ignored/>
  </testcase> <!-- TC25_ANDROID_APP_QA2_validateChilisFavouriteItems_TestCase -->
  <testcase name="TC12_ANDROID_APP_DeliveryLaterToday_MCAUser_TestCase" time="0.0" classname="com.testscripts.framework.TestChilisAndroidApp">
    <ignored/>
  </testcase> <!-- TC12_ANDROID_APP_DeliveryLaterToday_MCAUser_TestCase -->
  <testcase name="TC37_ANDROID_APP_QA2_CurbsideItemCustomization_MCAUser_TestCase" time="0.0" classname="com.testscripts.framework.TestChilisAndroidApp">
    <ignored/>
  </testcase> <!-- TC37_ANDROID_APP_QA2_CurbsideItemCustomization_MCAUser_TestCase -->
  <testcase name="TC10_ANDROID_APP_CarryOutLaterToday_MCAUser_TestCase" time="0.0" classname="com.testscripts.framework.TestChilisAndroidApp">
    <ignored/>
  </testcase> <!-- TC10_ANDROID_APP_CarryOutLaterToday_MCAUser_TestCase -->
  <testcase name="TC26_ANDROID_APP_QA2_loggedInUserOrder_TestCase" time="0.0" classname="com.testscripts.framework.TestChilisAndroidApp">
    <ignored/>
  </testcase> <!-- TC26_ANDROID_APP_QA2_loggedInUserOrder_TestCase -->
  <testcase name="TC16_ANDROID_APP_CurbsideItemCustomization_MCAUser_TestCase" time="0.0" classname="com.testscripts.framework.TestChilisAndroidApp">
    <ignored/>
  </testcase> <!-- TC16_ANDROID_APP_CurbsideItemCustomization_MCAUser_TestCase -->
  <testcase name="TC09_ANDROID_APP_CurbsideASAP_MCAUser_TestCase" time="0.0" classname="com.testscripts.framework.TestChilisAndroidApp">
    <ignored/>
  </testcase> <!-- TC09_ANDROID_APP_CurbsideASAP_MCAUser_TestCase -->
  <testcase name="TC36_ANDROID_APP_QA2_DeliveryASAPOrder_GuestUser_TestCase" time="0.0" classname="com.testscripts.framework.TestChilisAndroidApp">
    <ignored/>
  </testcase> <!-- TC36_ANDROID_APP_QA2_DeliveryASAPOrder_GuestUser_TestCase -->
  <testcase name="TC41_ANDROID_APP_QA2_UpdateMyAccount_TestCase" time="0.0" classname="com.testscripts.framework.TestChilisAndroidApp">
    <ignored/>
  </testcase> <!-- TC41_ANDROID_APP_QA2_UpdateMyAccount_TestCase -->
  <testcase name="TC31_ANDROID_APP_QA2_CarryOutLaterToday_MCAUser_TestCase" time="0.0" classname="com.testscripts.framework.TestChilisAndroidApp">
    <ignored/>
  </testcase> <!-- TC31_ANDROID_APP_QA2_CarryOutLaterToday_MCAUser_TestCase -->
  <testcase name="TC24_ANDROID_APP_QA2_validateRewards_SignedInUser_TestCase" time="0.0" classname="com.testscripts.framework.TestChilisAndroidApp">
    <ignored/>
  </testcase> <!-- TC24_ANDROID_APP_QA2_validateRewards_SignedInUser_TestCase -->
  <testcase name="TC39_ANDROID_APP_QA2_CarryOutFutureOrderItemCustomization_GuestUser_TestCase" time="0.0" classname="com.testscripts.framework.TestChilisAndroidApp">
    <ignored/>
  </testcase> <!-- TC39_ANDROID_APP_QA2_CarryOutFutureOrderItemCustomization_GuestUser_TestCase -->
  <testcase name="TC21_ANDROID_APP_PlaceOrderWithRewards_TestCase" time="0.0" classname="com.testscripts.framework.TestChilisAndroidApp">
    <ignored/>
  </testcase> <!-- TC21_ANDROID_APP_PlaceOrderWithRewards_TestCase -->
  <testcase name="TC35_ANDROID_APP_QA2_DeliveryLaterTodayOrder_GuestUser_TestCase" time="0.0" classname="com.testscripts.framework.TestChilisAndroidApp">
    <ignored/>
  </testcase> <!-- TC35_ANDROID_APP_QA2_DeliveryLaterTodayOrder_GuestUser_TestCase -->
  <testcase name="TC32_ANDROID_APP_QA2_CurbsideLaterToday_MCAUser_TestCase" time="0.0" classname="com.testscripts.framework.TestChilisAndroidApp">
    <ignored/>
  </testcase> <!-- TC32_ANDROID_APP_QA2_CurbsideLaterToday_MCAUser_TestCase -->
  <testcase name="TC33_ANDROID_APP_QA2_DeliveryLaterToday_MCAUser_TestCase" time="0.0" classname="com.testscripts.framework.TestChilisAndroidApp">
    <ignored/>
  </testcase> <!-- TC33_ANDROID_APP_QA2_DeliveryLaterToday_MCAUser_TestCase -->
  <testcase name="TC42_ANDROID_APP_QA2_PlaceOrderWithRewards_TestCase" time="0.0" classname="com.testscripts.framework.TestChilisAndroidApp">
    <ignored/>
  </testcase> <!-- TC42_ANDROID_APP_QA2_PlaceOrderWithRewards_TestCase -->
  <testcase name="TC27_ANDROID_APP_QA2_AddMyVisit_TestCase" time="0.0" classname="com.testscripts.framework.TestChilisAndroidApp">
    <ignored/>
  </testcase> <!-- TC27_ANDROID_APP_QA2_AddMyVisit_TestCase -->
  <testcase name="TC15_ANDROID_APP_DeliveryASAPOrder_GuestUser_TestCase" time="0.0" classname="com.testscripts.framework.TestChilisAndroidApp">
    <ignored/>
  </testcase> <!-- TC15_ANDROID_APP_DeliveryASAPOrder_GuestUser_TestCase -->
  <testcase name="TC23_ANDROID_APP_QA2_validateLocationSearch_TestCase" time="0.0" classname="com.testscripts.framework.TestChilisAndroidApp">
    <ignored/>
  </testcase> <!-- TC23_ANDROID_APP_QA2_validateLocationSearch_TestCase -->
  <testcase name="TC01_ANDROID_APP_loginLogout_TestCase" time="0.0" classname="com.testscripts.framework.TestChilisAndroidApp">
    <ignored/>
  </testcase> <!-- TC01_ANDROID_APP_loginLogout_TestCase -->
  <testcase name="TC11_ANDROID_APP_CurbsideLaterToday_MCAUser_TestCase" time="0.0" classname="com.testscripts.framework.TestChilisAndroidApp">
    <ignored/>
  </testcase> <!-- TC11_ANDROID_APP_CurbsideLaterToday_MCAUser_TestCase -->
  <testcase name="TC38_ANDROID_APP_QA2_CarryOutFutureDateOrder_MCAUser_TestCase" time="0.0" classname="com.testscripts.framework.TestChilisAndroidApp">
    <ignored/>
  </testcase> <!-- TC38_ANDROID_APP_QA2_CarryOutFutureDateOrder_MCAUser_TestCase -->
  <testcase name="TC22_ANDROID_APP_QA2_loginLogout_TestCase" time="0.0" classname="com.testscripts.framework.TestChilisAndroidApp">
    <ignored/>
  </testcase> <!-- TC22_ANDROID_APP_QA2_loginLogout_TestCase -->
  <testcase name="TC03_ANDROID_APP_validateRewards_SignedInUser_TestCase" time="0.0" classname="com.testscripts.framework.TestChilisAndroidApp">
    <ignored/>
  </testcase> <!-- TC03_ANDROID_APP_validateRewards_SignedInUser_TestCase -->
  <testcase name="TC17_ANDROID_APP_CarryOutFutureDateOrder_MCAUser_TestCase" time="0.0" classname="com.testscripts.framework.TestChilisAndroidApp">
    <ignored/>
  </testcase> <!-- TC17_ANDROID_APP_CarryOutFutureDateOrder_MCAUser_TestCase -->
  <testcase name="TC04_ANDROID_APP_validateChilisFavouriteItems_TestCase" time="0.0" classname="com.testscripts.framework.TestChilisAndroidApp">
    <ignored/>
  </testcase> <!-- TC04_ANDROID_APP_validateChilisFavouriteItems_TestCase -->
  <testcase name="TC13_ANDROID_APP_DeliveryASAP_MCAUser_TestCase" time="0.0" classname="com.testscripts.framework.TestChilisAndroidApp">
    <ignored/>
  </testcase> <!-- TC13_ANDROID_APP_DeliveryASAP_MCAUser_TestCase -->
  <testcase name="TC06_ANDROID_APP_AddMyVisit_TestCase" time="0.0" classname="com.testscripts.framework.TestChilisAndroidApp">
    <ignored/>
  </testcase> <!-- TC06_ANDROID_APP_AddMyVisit_TestCase -->
  <testcase name="TC29_ANDROID_APP_QA2_CarryOutASAP_MCAUser_TestCase" time="0.0" classname="com.testscripts.framework.TestChilisAndroidApp">
    <ignored/>
  </testcase> <!-- TC29_ANDROID_APP_QA2_CarryOutASAP_MCAUser_TestCase -->
</testsuite>
