<?xml version="1.0" encoding="UTF-8"?>
<!-- Generated by org.testng.reporters.JUnitXMLReporter -->
<testsuite hostname="LTIN137680" ignored="42" tests="0" failures="0" timestamp="11 Nov 2021 10:01:43 GMT" time="0.003" errors="0">
  <testcase name="TC16_IOS_BROWSER_CarryOutFutureCustomizedOrder_GuestUser_TestCase" time="0.0" classname="com.testscripts.framework.TestChilisIOSBrowser">
    <ignored/>
  </testcase> <!-- TC16_IOS_BROWSER_CarryOutFutureCustomizedOrder_GuestUser_TestCase -->
  <testcase name="TC05_IOS_BROWSER_CurbSideLaterTodayOrder_MCAUser_TestCase" time="0.0" classname="com.testscripts.framework.TestChilisIOSBrowser">
    <ignored/>
  </testcase> <!-- TC05_IOS_BROWSER_CurbSideLaterTodayOrder_MCAUser_TestCase -->
  <testcase name="TC21_IOS_BROWSER_AddMyVisit_TestCase" time="0.0" classname="com.testscripts.framework.TestChilisIOSBrowser">
    <ignored/>
  </testcase> <!-- TC21_IOS_BROWSER_AddMyVisit_TestCase -->
  <testcase name="TC02_IOS_BROWSER_LoggedInUserOrder_TestCase" time="0.0" classname="com.testscripts.framework.TestChilisIOSBrowser">
    <ignored/>
  </testcase> <!-- TC02_IOS_BROWSER_LoggedInUserOrder_TestCase -->
  <testcase name="TC26_IOS_BROWSER_QA2_CurbSideLaterTodayOrder_MCAUser_TestCase" time="0.0" classname="com.testscripts.framework.TestChilisIOSBrowser">
    <ignored/>
  </testcase> <!-- TC26_IOS_BROWSER_QA2_CurbSideLaterTodayOrder_MCAUser_TestCase -->
  <testcase name="TC11_IOS_BROWSER_deliveryLaterTodayOrder_GuestUser_TestCase" time="0.0" classname="com.testscripts.framework.TestChilisIOSBrowser">
    <ignored/>
  </testcase> <!-- TC11_IOS_BROWSER_deliveryLaterTodayOrder_GuestUser_TestCase -->
  <testcase name="TC24_IOS_BROWSER_QA2_CurbsideASAPorder_MCAUser_TestCase" time="0.0" classname="com.testscripts.framework.TestChilisIOSBrowser">
    <ignored/>
  </testcase> <!-- TC24_IOS_BROWSER_QA2_CurbsideASAPorder_MCAUser_TestCase -->
  <testcase name="TC17_IOS_BROWSER_CarryOutFutureOrder_TestCase" time="0.0" classname="com.testscripts.framework.TestChilisIOSBrowser">
    <ignored/>
  </testcase> <!-- TC17_IOS_BROWSER_CarryOutFutureOrder_TestCase -->
  <testcase name="TC13_IOS_BROWSER_Reorder_TestCase" time="0.0" classname="com.testscripts.framework.TestChilisIOSBrowser">
    <ignored/>
  </testcase> <!-- TC13_IOS_BROWSER_Reorder_TestCase -->
  <testcase name="TC35_IOS_BROWSER_QA2_UpdateMyAccount_TestCase" time="0.0" classname="com.testscripts.framework.TestChilisIOSBrowser">
    <ignored/>
  </testcase> <!-- TC35_IOS_BROWSER_QA2_UpdateMyAccount_TestCase -->
  <testcase name="TC04_IOS_BROWSER_CarryOutLaterTodayOrder_MCAUser_TestCase" time="0.0" classname="com.testscripts.framework.TestChilisIOSBrowser">
    <ignored/>
  </testcase> <!-- TC04_IOS_BROWSER_CarryOutLaterTodayOrder_MCAUser_TestCase -->
  <testcase name="TC06_IOS_BROWSER_CarryOutASAPOrder_MCAUser_TestCase" time="0.0" classname="com.testscripts.framework.TestChilisIOSBrowser">
    <ignored/>
  </testcase> <!-- TC06_IOS_BROWSER_CarryOutASAPOrder_MCAUser_TestCase -->
  <testcase name="TC34_IOS_BROWSER_QA2_Reorder_TestCase" time="0.0" classname="com.testscripts.framework.TestChilisIOSBrowser">
    <ignored/>
  </testcase> <!-- TC34_IOS_BROWSER_QA2_Reorder_TestCase -->
  <testcase name="TC08_IOS_BROWSER_DeliveryLaterTodayOrder_MCAUser_TestCase" time="0.0" classname="com.testscripts.framework.TestChilisIOSBrowser">
    <ignored/>
  </testcase> <!-- TC08_IOS_BROWSER_DeliveryLaterTodayOrder_MCAUser_TestCase -->
  <testcase name="TC41_IOS_BROWSER_QA2_ValidateLocationSearch_GuestUser_TestCase" time="0.0" classname="com.testscripts.framework.TestChilisIOSBrowser">
    <ignored/>
  </testcase> <!-- TC41_IOS_BROWSER_QA2_ValidateLocationSearch_GuestUser_TestCase -->
  <testcase name="TC27_IOS_BROWSER_QA2_CarryOutASAPOrder_MCAUser_TestCase" time="0.0" classname="com.testscripts.framework.TestChilisIOSBrowser">
    <ignored/>
  </testcase> <!-- TC27_IOS_BROWSER_QA2_CarryOutASAPOrder_MCAUser_TestCase -->
  <testcase name="TC19_IOS_BROWSER_ValidateFavouriteItems_TestCase" time="0.0" classname="com.testscripts.framework.TestChilisIOSBrowser">
    <ignored/>
  </testcase> <!-- TC19_IOS_BROWSER_ValidateFavouriteItems_TestCase -->
  <testcase name="TC37_IOS_BROWSER_QA2_CarryOutFutureCustomizedOrder_GuestUser_TestCase" time="0.0" classname="com.testscripts.framework.TestChilisIOSBrowser">
    <ignored/>
  </testcase> <!-- TC37_IOS_BROWSER_QA2_CarryOutFutureCustomizedOrder_GuestUser_TestCase -->
  <testcase name="TC01_IOS_BROWSER_LoginLogoutTestCase" time="0.0" classname="com.testscripts.framework.TestChilisIOSBrowser">
    <ignored/>
  </testcase> <!-- TC01_IOS_BROWSER_LoginLogoutTestCase -->
  <testcase name="TC40_IOS_BROWSER_QA2_ValidateFavouriteItems_TestCase" time="0.0" classname="com.testscripts.framework.TestChilisIOSBrowser">
    <ignored/>
  </testcase> <!-- TC40_IOS_BROWSER_QA2_ValidateFavouriteItems_TestCase -->
  <testcase name="TC03_IOS_BROWSER_CurbsideASAPorder_MCAUser_TestCase" time="0.0" classname="com.testscripts.framework.TestChilisIOSBrowser">
    <ignored/>
  </testcase> <!-- TC03_IOS_BROWSER_CurbsideASAPorder_MCAUser_TestCase -->
  <testcase name="TC25_IOS_BROWSER_QA2_CarryOutLaterTodayOrder_MCAUser_TestCase" time="0.0" classname="com.testscripts.framework.TestChilisIOSBrowser">
    <ignored/>
  </testcase> <!-- TC25_IOS_BROWSER_QA2_CarryOutLaterTodayOrder_MCAUser_TestCase -->
  <testcase name="TC23_IOS_BROWSER_QA2_LoggedInUserOrder_TestCase" time="0.0" classname="com.testscripts.framework.TestChilisIOSBrowser">
    <ignored/>
  </testcase> <!-- TC23_IOS_BROWSER_QA2_LoggedInUserOrder_TestCase -->
  <testcase name="TC07_IOS_BROWSER_DeliveryASAPOrder_MCAUser_TestCase" time="0.0" classname="com.testscripts.framework.TestChilisIOSBrowser">
    <ignored/>
  </testcase> <!-- TC07_IOS_BROWSER_DeliveryASAPOrder_MCAUser_TestCase -->
  <testcase name="TC15_IOS_BROWSER_CurbsideCustomizationOrder_MCAUser_TestCase" time="0.0" classname="com.testscripts.framework.TestChilisIOSBrowser">
    <ignored/>
  </testcase> <!-- TC15_IOS_BROWSER_CurbsideCustomizationOrder_MCAUser_TestCase -->
  <testcase name="TC42_IOS_BROWSER_QA2_AddMyVisit_TestCase" time="0.0" classname="com.testscripts.framework.TestChilisIOSBrowser">
    <ignored/>
  </testcase> <!-- TC42_IOS_BROWSER_QA2_AddMyVisit_TestCase -->
  <testcase name="TC20_IOS_BROWSER_ValidateLocationSearch_GuestUser_TestCase" time="0.0" classname="com.testscripts.framework.TestChilisIOSBrowser">
    <ignored/>
  </testcase> <!-- TC20_IOS_BROWSER_ValidateLocationSearch_GuestUser_TestCase -->
  <testcase name="TC14_IOS_BROWSER_UpdateMyAccount_TestCase" time="0.0" classname="com.testscripts.framework.TestChilisIOSBrowser">
    <ignored/>
  </testcase> <!-- TC14_IOS_BROWSER_UpdateMyAccount_TestCase -->
  <testcase name="TC39_IOS_BROWSER_QA2_ValidateRewards_TestCase" time="0.0" classname="com.testscripts.framework.TestChilisIOSBrowser">
    <ignored/>
  </testcase> <!-- TC39_IOS_BROWSER_QA2_ValidateRewards_TestCase -->
  <testcase name="TC10_IOS_BROWSER_DeliveryASAP_GuestUser_TestCase" time="0.0" classname="com.testscripts.framework.TestChilisIOSBrowser">
    <ignored/>
  </testcase> <!-- TC10_IOS_BROWSER_DeliveryASAP_GuestUser_TestCase -->
  <testcase name="TC22_IOS_BROWSER_QA2_LoginLogoutTestCase" time="0.0" classname="com.testscripts.framework.TestChilisIOSBrowser">
    <ignored/>
  </testcase> <!-- TC22_IOS_BROWSER_QA2_LoginLogoutTestCase -->
  <testcase name="TC38_IOS_BROWSER_QA2_CarryOutFutureOrder_TestCase" time="0.0" classname="com.testscripts.framework.TestChilisIOSBrowser">
    <ignored/>
  </testcase> <!-- TC38_IOS_BROWSER_QA2_CarryOutFutureOrder_TestCase -->
  <testcase name="TC12_IOS_BROWSER_PlaceOrderWithRewards_TestCase" time="0.0" classname="com.testscripts.framework.TestChilisIOSBrowser">
    <ignored/>
  </testcase> <!-- TC12_IOS_BROWSER_PlaceOrderWithRewards_TestCase -->
  <testcase name="TC28_IOS_BROWSER_QA2_DeliveryASAPOrder_MCAUser_TestCase" time="0.0" classname="com.testscripts.framework.TestChilisIOSBrowser">
    <ignored/>
  </testcase> <!-- TC28_IOS_BROWSER_QA2_DeliveryASAPOrder_MCAUser_TestCase -->
  <testcase name="TC36_IOS_BROWSER_QA2_CurbsideCustomizationOrder_MCAUser_TestCase" time="0.0" classname="com.testscripts.framework.TestChilisIOSBrowser">
    <ignored/>
  </testcase> <!-- TC36_IOS_BROWSER_QA2_CurbsideCustomizationOrder_MCAUser_TestCase -->
  <testcase name="TC31_IOS_BROWSER_QA2_DeliveryASAP_GuestUser_TestCase" time="0.0" classname="com.testscripts.framework.TestChilisIOSBrowser">
    <ignored/>
  </testcase> <!-- TC31_IOS_BROWSER_QA2_DeliveryASAP_GuestUser_TestCase -->
  <testcase name="TC18_IOS_BROWSER_ValidateRewards_TestCase" time="0.0" classname="com.testscripts.framework.TestChilisIOSBrowser">
    <ignored/>
  </testcase> <!-- TC18_IOS_BROWSER_ValidateRewards_TestCase -->
  <testcase name="TC29_IOS_BROWSER_QA2_DeliveryLaterTodayOrder_MCAUser_TestCase" time="0.0" classname="com.testscripts.framework.TestChilisIOSBrowser">
    <ignored/>
  </testcase> <!-- TC29_IOS_BROWSER_QA2_DeliveryLaterTodayOrder_MCAUser_TestCase -->
  <testcase name="TC33_IOS_BROWSER_QA2_PlaceOrderWithRewards_TestCase" time="0.0" classname="com.testscripts.framework.TestChilisIOSBrowser">
    <ignored/>
  </testcase> <!-- TC33_IOS_BROWSER_QA2_PlaceOrderWithRewards_TestCase -->
  <testcase name="TC30_IOS_BROWSER_QA2_CurbsideOrder_GuestUser_TestCase" time="0.0" classname="com.testscripts.framework.TestChilisIOSBrowser">
    <ignored/>
  </testcase> <!-- TC30_IOS_BROWSER_QA2_CurbsideOrder_GuestUser_TestCase -->
  <testcase name="TC32_IOS_BROWSER_QA2_deliveryLaterTodayOrder_GuestUser_TestCase" time="0.0" classname="com.testscripts.framework.TestChilisIOSBrowser">
    <ignored/>
  </testcase> <!-- TC32_IOS_BROWSER_QA2_deliveryLaterTodayOrder_GuestUser_TestCase -->
  <testcase name="TC09_IOS_BROWSER_CurbsideOrder_GuestUser_TestCase" time="0.0" classname="com.testscripts.framework.TestChilisIOSBrowser">
    <ignored/>
  </testcase> <!-- TC09_IOS_BROWSER_CurbsideOrder_GuestUser_TestCase -->
</testsuite>
