<?xml version="1.0" encoding="UTF-8"?>
<!-- Generated by org.testng.reporters.JUnitXMLReporter -->
<testsuite hostname="DHQWB1" ignored="21" tests="0" failures="0" timestamp="25 Nov 2021 05:48:13 GMT" time="0.013" errors="0">
  <testcase name="TC41_IOS_BROWSER_QA2_ValidateLocationSearch_GuestUser_TestCase" time="0.0" classname="com.testscripts.framework.TestChilisIOSBrowser_QA3">
    <ignored/>
  </testcase> <!-- TC41_IOS_BROWSER_QA2_ValidateLocationSearch_GuestUser_TestCase -->
  <testcase name="TC28_IOS_BROWSER_QA2_DeliveryASAPOrder_MCAUser_TestCase" time="0.0" classname="com.testscripts.framework.TestChilisIOSBrowser_QA3">
    <ignored/>
  </testcase> <!-- TC28_IOS_BROWSER_QA2_DeliveryASAPOrder_MCAUser_TestCase -->
  <testcase name="TC27_IOS_BROWSER_QA2_CarryOutASAPOrder_MCAUser_TestCase" time="0.0" classname="com.testscripts.framework.TestChilisIOSBrowser_QA3">
    <ignored/>
  </testcase> <!-- TC27_IOS_BROWSER_QA2_CarryOutASAPOrder_MCAUser_TestCase -->
  <testcase name="TC38_IOS_BROWSER_QA2_CarryOutFutureOrder_TestCase" time="0.0" classname="com.testscripts.framework.TestChilisIOSBrowser_QA3">
    <ignored/>
  </testcase> <!-- TC38_IOS_BROWSER_QA2_CarryOutFutureOrder_TestCase -->
  <testcase name="TC42_IOS_BROWSER_QA2_AddMyVisit_TestCase" time="0.0" classname="com.testscripts.framework.TestChilisIOSBrowser_QA3">
    <ignored/>
  </testcase> <!-- TC42_IOS_BROWSER_QA2_AddMyVisit_TestCase -->
  <testcase name="TC32_IOS_BROWSER_QA2_deliveryLaterTodayOrder_GuestUser_TestCase" time="0.0" classname="com.testscripts.framework.TestChilisIOSBrowser_QA3">
    <ignored/>
  </testcase> <!-- TC32_IOS_BROWSER_QA2_deliveryLaterTodayOrder_GuestUser_TestCase -->
  <testcase name="TC36_IOS_BROWSER_QA2_CurbsideCustomizationOrder_MCAUser_TestCase" time="0.0" classname="com.testscripts.framework.TestChilisIOSBrowser_QA3">
    <ignored/>
  </testcase> <!-- TC36_IOS_BROWSER_QA2_CurbsideCustomizationOrder_MCAUser_TestCase -->
  <testcase name="TC35_IOS_BROWSER_QA2_UpdateMyAccount_TestCase" time="0.0" classname="com.testscripts.framework.TestChilisIOSBrowser_QA3">
    <ignored/>
  </testcase> <!-- TC35_IOS_BROWSER_QA2_UpdateMyAccount_TestCase -->
  <testcase name="TC37_IOS_BROWSER_QA2_CarryOutFutureCustomizedOrder_GuestUser_TestCase" time="0.0" classname="com.testscripts.framework.TestChilisIOSBrowser_QA3">
    <ignored/>
  </testcase> <!-- TC37_IOS_BROWSER_QA2_CarryOutFutureCustomizedOrder_GuestUser_TestCase -->
  <testcase name="TC31_IOS_BROWSER_QA2_DeliveryASAP_GuestUser_TestCase" time="0.0" classname="com.testscripts.framework.TestChilisIOSBrowser_QA3">
    <ignored/>
  </testcase> <!-- TC31_IOS_BROWSER_QA2_DeliveryASAP_GuestUser_TestCase -->
  <testcase name="TC22_IOS_BROWSER_QA2_LoginLogoutTestCase" time="0.0" classname="com.testscripts.framework.TestChilisIOSBrowser_QA3">
    <ignored/>
  </testcase> <!-- TC22_IOS_BROWSER_QA2_LoginLogoutTestCase -->
  <testcase name="TC29_IOS_BROWSER_QA2_DeliveryLaterTodayOrder_MCAUser_TestCase" time="0.0" classname="com.testscripts.framework.TestChilisIOSBrowser_QA3">
    <ignored/>
  </testcase> <!-- TC29_IOS_BROWSER_QA2_DeliveryLaterTodayOrder_MCAUser_TestCase -->
  <testcase name="TC33_IOS_BROWSER_QA2_PlaceOrderWithRewards_TestCase" time="0.0" classname="com.testscripts.framework.TestChilisIOSBrowser_QA3">
    <ignored/>
  </testcase> <!-- TC33_IOS_BROWSER_QA2_PlaceOrderWithRewards_TestCase -->
  <testcase name="TC30_IOS_BROWSER_QA2_CurbsideOrder_GuestUser_TestCase" time="0.0" classname="com.testscripts.framework.TestChilisIOSBrowser_QA3">
    <ignored/>
  </testcase> <!-- TC30_IOS_BROWSER_QA2_CurbsideOrder_GuestUser_TestCase -->
  <testcase name="TC25_IOS_BROWSER_QA2_CarryOutLaterTodayOrder_MCAUser_TestCase" time="0.0" classname="com.testscripts.framework.TestChilisIOSBrowser_QA3">
    <ignored/>
  </testcase> <!-- TC25_IOS_BROWSER_QA2_CarryOutLaterTodayOrder_MCAUser_TestCase -->
  <testcase name="TC39_IOS_BROWSER_QA2_ValidateRewards_TestCase" time="0.0" classname="com.testscripts.framework.TestChilisIOSBrowser_QA3">
    <ignored/>
  </testcase> <!-- TC39_IOS_BROWSER_QA2_ValidateRewards_TestCase -->
  <testcase name="TC23_IOS_BROWSER_QA2_LoggedInUserOrder_TestCase" time="0.0" classname="com.testscripts.framework.TestChilisIOSBrowser_QA3">
    <ignored/>
  </testcase> <!-- TC23_IOS_BROWSER_QA2_LoggedInUserOrder_TestCase -->
  <testcase name="TC40_IOS_BROWSER_QA2_ValidateFavouriteItems_TestCase" time="0.0" classname="com.testscripts.framework.TestChilisIOSBrowser_QA3">
    <ignored/>
  </testcase> <!-- TC40_IOS_BROWSER_QA2_ValidateFavouriteItems_TestCase -->
  <testcase name="TC34_IOS_BROWSER_QA2_Reorder_TestCase" time="0.0" classname="com.testscripts.framework.TestChilisIOSBrowser_QA3">
    <ignored/>
  </testcase> <!-- TC34_IOS_BROWSER_QA2_Reorder_TestCase -->
  <testcase name="TC24_IOS_BROWSER_QA2_CurbsideASAPorder_MCAUser_TestCase" time="0.0" classname="com.testscripts.framework.TestChilisIOSBrowser_QA3">
    <ignored/>
  </testcase> <!-- TC24_IOS_BROWSER_QA2_CurbsideASAPorder_MCAUser_TestCase -->
  <testcase name="TC26_IOS_BROWSER_QA2_CurbSideLaterTodayOrder_MCAUser_TestCase" time="0.0" classname="com.testscripts.framework.TestChilisIOSBrowser_QA3">
    <ignored/>
  </testcase> <!-- TC26_IOS_BROWSER_QA2_CurbSideLaterTodayOrder_MCAUser_TestCase -->
</testsuite>
