<?xml version="1.0" encoding="UTF-8"?>
<!-- Generated by org.testng.reporters.JUnitXMLReporter -->
<testsuite hostname="DHQWB1" ignored="19" name="Test Uber Eats in Web browser" tests="2" failures="1" timestamp="26 Nov 2021 06:44:06 GMT" time="142.26" errors="0">
  <testcase name="TC04_UberEats_ValidateMenuCategory" time="66.549" classname="com.testscripts.framework.TestUberEats">
    <skipped/>
  </testcase> <!-- TC04_UberEats_ValidateMenuCategory -->
  <testcase name="TC04_UberEats_ValidateMenuCategory" time="66.027" classname="com.testscripts.framework.TestUberEats">
    <failure type="java.lang.NullPointerException">
      <![CDATA[java.lang.NullPointerException
	at com.configuration.framework.Base.stopWebTest(Base.java:152)
	at com.pageaction.framework.FunctionalComponents.uberEats_Login(FunctionalComponents.java:12174)
	at com.testscripts.framework.TestUberEats.TC04_UberEats_ValidateMenuCategory(TestUberEats.java:83)
	at com.testrunner.framework.TestRunner.main(TestRunner.java:51)
... Removed 22 stack frames]]>
    </failure>
  </testcase> <!-- TC04_UberEats_ValidateMenuCategory -->
  <testcase name="TC03_UberEats_HomePage_UI" time="0.0" classname="com.testscripts.framework.TestUberEats">
    <ignored/>
  </testcase> <!-- TC03_UberEats_HomePage_UI -->
  <testcase name="TC02_UberEats_ValidateStoreHomepage" time="0.0" classname="com.testscripts.framework.TestUberEats">
    <ignored/>
  </testcase> <!-- TC02_UberEats_ValidateStoreHomepage -->
  <testcase name="TC23_UberEats_ValidateOrderSLDelivery" time="0.0" classname="com.testscripts.framework.TestUberEats">
    <ignored/>
  </testcase> <!-- TC23_UberEats_ValidateOrderSLDelivery -->
  <testcase name="TC06_UberEats_ValidateMenuPrice" time="0.0" classname="com.testscripts.framework.TestUberEats">
    <ignored/>
  </testcase> <!-- TC06_UberEats_ValidateMenuPrice -->
  <testcase name="TC31_UberEats_ValidateDifferentTimezoneOrder" time="0.0" classname="com.testscripts.framework.TestUberEats">
    <ignored/>
  </testcase> <!-- TC31_UberEats_ValidateDifferentTimezoneOrder -->
  <testcase name="TC51_UberEats_VERIFY_MultipleItemOrder" time="0.0" classname="com.testscripts.framework.TestUberEats">
    <ignored/>
  </testcase> <!-- TC51_UberEats_VERIFY_MultipleItemOrder -->
  <testcase name="TC22_UberEats_ValidateOrderASAPDelivery" time="0.0" classname="com.testscripts.framework.TestUberEats">
    <ignored/>
  </testcase> <!-- TC22_UberEats_ValidateOrderASAPDelivery -->
  <testcase name="TC10_UberEats_Verify_OrderModes" time="0.0" classname="com.testscripts.framework.TestUberEats">
    <ignored/>
  </testcase> <!-- TC10_UberEats_Verify_OrderModes -->
  <testcase name="TC01_UberEats_ValidateIsStoreEnabled" time="0.0" classname="com.testscripts.framework.TestUberEats">
    <ignored/>
  </testcase> <!-- TC01_UberEats_ValidateIsStoreEnabled -->
  <testcase name="TC49_UberEats_changeQuantityAtCheckoutPage" time="0.0" classname="com.testscripts.framework.TestUberEats">
    <ignored/>
  </testcase> <!-- TC49_UberEats_changeQuantityAtCheckoutPage -->
  <testcase name="TC35_UberEats_ValidateOrders" time="0.0" classname="com.testscripts.framework.TestUberEats">
    <ignored/>
  </testcase> <!-- TC35_UberEats_ValidateOrders -->
  <testcase name="TC53_UberEats_Verify_AddItemInCheckoutPage" time="0.0" classname="com.testscripts.framework.TestUberEats">
    <ignored/>
  </testcase> <!-- TC53_UberEats_Verify_AddItemInCheckoutPage -->
  <testcase name="TC28_UberEats_VerifyOrderDetails" time="0.0" classname="com.testscripts.framework.TestUberEats">
    <ignored/>
  </testcase> <!-- TC28_UberEats_VerifyOrderDetails -->
  <testcase name="TC36_UberEats_Verify_PastOrderItemAndPrice" time="0.0" classname="com.testscripts.framework.TestUberEats">
    <ignored/>
  </testcase> <!-- TC36_UberEats_Verify_PastOrderItemAndPrice -->
  <testcase name="TC52_UberEats_ValidateItemCustomization" time="0.0" classname="com.testscripts.framework.TestUberEats">
    <ignored/>
  </testcase> <!-- TC52_UberEats_ValidateItemCustomization -->
  <testcase name="TC05_UberEats_ValidateMenuItemDescription" time="0.0" classname="com.testscripts.framework.TestUberEats">
    <ignored/>
  </testcase> <!-- TC05_UberEats_ValidateMenuItemDescription -->
  <testcase name="TC50_UberEats_RemoveQuantityAtCheckoutPage" time="0.0" classname="com.testscripts.framework.TestUberEats">
    <ignored/>
  </testcase> <!-- TC50_UberEats_RemoveQuantityAtCheckoutPage -->
  <testcase name="TC09_UberEats_ValidateMenuItemIncreaseDecrease" time="0.0" classname="com.testscripts.framework.TestUberEats">
    <ignored/>
  </testcase> <!-- TC09_UberEats_ValidateMenuItemIncreaseDecrease -->
  <testcase name="TC08_UberEats_Verify_AddtoCart" time="0.0" classname="com.testscripts.framework.TestUberEats">
    <ignored/>
  </testcase> <!-- TC08_UberEats_Verify_AddtoCart -->
</testsuite> <!-- Test Uber Eats in Web browser -->
