<?xml version="1.0" encoding="UTF-8"?>
<!-- Generated by org.testng.reporters.JUnitXMLReporter -->
<testsuite hostname="DHQWB1" ignored="24" tests="0" failures="0" timestamp="26 Nov 2021 06:44:07 GMT" time="0.018" errors="0">
  <testcase name="TC97_DOORDASH_CHROME_VERIFY_DELIVERY_ORDER_ASAP_LunchComboSpicyShrimpTacos" time="0.0" classname="com.testscripts.framework.TestDoorDashChilis">
    <ignored/>
  </testcase> <!-- TC97_DOORDASH_CHROME_VERIFY_DELIVERY_ORDER_ASAP_LunchComboSpicyShrimpTacos -->
  <testcase name="TC03_DOORDASH_CHROME_VERIFY_ADDTOCART" time="0.0" classname="com.testscripts.framework.TestDoorDashChilis">
    <ignored/>
  </testcase> <!-- TC03_DOORDASH_CHROME_VERIFY_ADDTOCART -->
  <testcase name="TC96_DOORDASH_CHROME_ValidatePickupAsap_GrilledChickenSalad" time="0.0" classname="com.testscripts.framework.TestDoorDashChilis">
    <ignored/>
  </testcase> <!-- TC96_DOORDASH_CHROME_ValidatePickupAsap_GrilledChickenSalad -->
  <testcase name="TC101_DOORDASH_CHROME_ValidateItemCustomization" time="0.0" classname="com.testscripts.framework.TestDoorDashChilis">
    <ignored/>
  </testcase> <!-- TC101_DOORDASH_CHROME_ValidateItemCustomization -->
  <testcase name="TC90_DOORDASH_CHROME_VERIFY_ITEM_ADDTOCART_CHECKOUT" time="0.0" classname="com.testscripts.framework.TestDoorDashChilis">
    <ignored/>
  </testcase> <!-- TC90_DOORDASH_CHROME_VERIFY_ITEM_ADDTOCART_CHECKOUT -->
  <testcase name="TC99_DOORDASH_CHROME_ValidatePickupScheduleLater_BaconRanchChickenQuesadillas" time="0.0" classname="com.testscripts.framework.TestDoorDashChilis">
    <ignored/>
  </testcase> <!-- TC99_DOORDASH_CHROME_ValidatePickupScheduleLater_BaconRanchChickenQuesadillas -->
  <testcase name="TC09_DOORDASH_CHROME_ValidateMenuItemPrice" time="0.0" classname="com.testscripts.framework.TestDoorDashChilis">
    <ignored/>
  </testcase> <!-- TC09_DOORDASH_CHROME_ValidateMenuItemPrice -->
  <testcase name="TC91_DOORDASH_CHROME_ValidateItemIncreaseDecrease" time="0.0" classname="com.testscripts.framework.TestDoorDashChilis">
    <ignored/>
  </testcase> <!-- TC91_DOORDASH_CHROME_ValidateItemIncreaseDecrease -->
  <testcase name="TC03_DOORDASH_CHROME_VERIFY_REMOVEITEM" time="0.0" classname="com.testscripts.framework.TestDoorDashChilis">
    <ignored/>
  </testcase> <!-- TC03_DOORDASH_CHROME_VERIFY_REMOVEITEM -->
  <testcase name="TC05_DOORDASH_CHROME_EnterTipAmountZero" time="0.0" classname="com.testscripts.framework.TestDoorDashChilis">
    <ignored/>
  </testcase> <!-- TC05_DOORDASH_CHROME_EnterTipAmountZero -->
  <testcase name="TC07_DOORDASH_CHROME_ValidateMenuCategory" time="0.0" classname="com.testscripts.framework.TestDoorDashChilis">
    <ignored/>
  </testcase> <!-- TC07_DOORDASH_CHROME_ValidateMenuCategory -->
  <testcase name="TC02_DOORDASH_CHROME_ChangeLocation" time="0.0" classname="com.testscripts.framework.TestDoorDashChilis">
    <ignored/>
  </testcase> <!-- TC02_DOORDASH_CHROME_ChangeLocation -->
  <testcase name="TC93_DOORDASH_CHROME_ValidatePickupScheduleLater_QuesadillaExplosionSalad" time="0.0" classname="com.testscripts.framework.TestDoorDashChilis">
    <ignored/>
  </testcase> <!-- TC93_DOORDASH_CHROME_ValidatePickupScheduleLater_QuesadillaExplosionSalad -->
  <testcase name="TC98_DOORDASH_CHROME_VERIFY_DELIVERY_SCHEDULE_ORDER_MoltenChocolateCake" time="0.0" classname="com.testscripts.framework.TestDoorDashChilis">
    <ignored/>
  </testcase> <!-- TC98_DOORDASH_CHROME_VERIFY_DELIVERY_SCHEDULE_ORDER_MoltenChocolateCake -->
  <testcase name="TC104_DOORDASH_CHROME_VERIFY_ItemIncreaseDecreaseAfterCheckout" time="0.0" classname="com.testscripts.framework.TestDoorDashChilis">
    <ignored/>
  </testcase> <!-- TC104_DOORDASH_CHROME_VERIFY_ItemIncreaseDecreaseAfterCheckout -->
  <testcase name="TC94_DOORDASH_CHROME_VERIFY_DELIVERY_ORDER_ASAP_MargaritaGrilledChicken" time="0.0" classname="com.testscripts.framework.TestDoorDashChilis">
    <ignored/>
  </testcase> <!-- TC94_DOORDASH_CHROME_VERIFY_DELIVERY_ORDER_ASAP_MargaritaGrilledChicken -->
  <testcase name="TC100_DOORDASH_CHROME_ValidatePickupAsap_UltimateSmokehouseCombo" time="0.0" classname="com.testscripts.framework.TestDoorDashChilis">
    <ignored/>
  </testcase> <!-- TC100_DOORDASH_CHROME_ValidatePickupAsap_UltimateSmokehouseCombo -->
  <testcase name="TC95_DOORDASH_CHROME_VERIFY_DELIVERY_SCHEDULE_ORDER_CrispyChickenCrispers" time="0.0" classname="com.testscripts.framework.TestDoorDashChilis">
    <ignored/>
  </testcase> <!-- TC95_DOORDASH_CHROME_VERIFY_DELIVERY_SCHEDULE_ORDER_CrispyChickenCrispers -->
  <testcase name="TC04_DOORDASH_CHROME_VERIFY_Checkout" time="0.0" classname="com.testscripts.framework.TestDoorDashChilis">
    <ignored/>
  </testcase> <!-- TC04_DOORDASH_CHROME_VERIFY_Checkout -->
  <testcase name="TC102_DOORDASH_CHROME_VERIFY_MultipleItemOrder" time="0.0" classname="com.testscripts.framework.TestDoorDashChilis">
    <ignored/>
  </testcase> <!-- TC102_DOORDASH_CHROME_VERIFY_MultipleItemOrder -->
  <testcase name="TC06_DOORDASH_CHROME_VERIFY_Homepage_UI" time="0.0" classname="com.testscripts.framework.TestDoorDashChilis">
    <ignored/>
  </testcase> <!-- TC06_DOORDASH_CHROME_VERIFY_Homepage_UI -->
  <testcase name="TC08_DOORDASH_CHROME_ValidateMenuItemDescription" time="0.0" classname="com.testscripts.framework.TestDoorDashChilis">
    <ignored/>
  </testcase> <!-- TC08_DOORDASH_CHROME_ValidateMenuItemDescription -->
  <testcase name="TC92_DOORDASH_CHROME_VERIFY_ORDER_MODES" time="0.0" classname="com.testscripts.framework.TestDoorDashChilis">
    <ignored/>
  </testcase> <!-- TC92_DOORDASH_CHROME_VERIFY_ORDER_MODES -->
  <testcase name="TC103_DOORDASH_CHROME_VERIFY_AddMoreItems" time="0.0" classname="com.testscripts.framework.TestDoorDashChilis">
    <ignored/>
  </testcase> <!-- TC103_DOORDASH_CHROME_VERIFY_AddMoreItems -->
</testsuite>
