<?xml version="1.0" encoding="UTF-8"?>
<testng-results skipped="0" failed="1" ignored="68" total="69" passed="0">
  <reporter-output>
  </reporter-output>
  <suite name="UberEats" duration-ms="142260" started-at="2021-11-26T06:41:44Z" finished-at="2021-11-26T06:44:06Z">
    <groups>
    </groups>
    <test name="Test Uber Eats in Web browser" duration-ms="142260" started-at="2021-11-26T06:41:44Z" finished-at="2021-11-26T06:44:06Z">
      <class name="com.testscripts.framework.TestUberEats">
        <test-method status="PASS" signature="setPlatform()[pri:0, instance:com.testscripts.framework.TestUberEats@1e4b452]" name="setPlatform" is-config="true" duration-ms="42" started-at="2021-11-26T00:41:44Z" finished-at="2021-11-26T00:41:44Z">
          <reporter-output>
          </reporter-output>
        </test-method> <!-- setPlatform -->
        <test-method status="PASS" signature="initialize()[pri:0, instance:com.testscripts.framework.TestUberEats@1e4b452]" name="initialize" is-config="true" duration-ms="3634" started-at="2021-11-26T00:41:45Z" finished-at="2021-11-26T00:41:48Z">
          <reporter-output>
          </reporter-output>
        </test-method> <!-- initialize -->
        <test-method status="PASS" signature="tearDown()[pri:0, instance:com.testscripts.framework.TestUberEats@1e4b452]" name="tearDown" is-config="true" duration-ms="1212" started-at="2021-11-26T00:42:55Z" finished-at="2021-11-26T00:42:56Z">
          <reporter-output>
          </reporter-output>
        </test-method> <!-- tearDown -->
        <test-method status="PASS" signature="initialize()[pri:0, instance:com.testscripts.framework.TestUberEats@1e4b452]" name="initialize" is-config="true" duration-ms="2279" started-at="2021-11-26T00:42:56Z" finished-at="2021-11-26T00:42:58Z">
          <reporter-output>
          </reporter-output>
        </test-method> <!-- initialize -->
        <test-method status="FAIL" signature="TC04_UberEats_ValidateMenuCategory()[pri:4, instance:com.testscripts.framework.TestUberEats@1e4b452]" name="TC04_UberEats_ValidateMenuCategory" duration-ms="66027" started-at="2021-11-26T00:42:58Z" finished-at="2021-11-26T00:44:04Z">
          <exception class="java.lang.NullPointerException">
            <full-stacktrace>
              <![CDATA[java.lang.NullPointerException
	at com.configuration.framework.Base.stopWebTest(Base.java:152)
	at com.pageaction.framework.FunctionalComponents.uberEats_Login(FunctionalComponents.java:12174)
	at com.testscripts.framework.TestUberEats.TC04_UberEats_ValidateMenuCategory(TestUberEats.java:83)
	at sun.reflect.NativeMethodAccessorImpl.invoke0(Native Method)
	at sun.reflect.NativeMethodAccessorImpl.invoke(Unknown Source)
	at sun.reflect.DelegatingMethodAccessorImpl.invoke(Unknown Source)
	at java.lang.reflect.Method.invoke(Unknown Source)
	at org.testng.internal.MethodInvocationHelper.invokeMethod(MethodInvocationHelper.java:104)
	at org.testng.internal.Invoker.invokeMethod(Invoker.java:645)
	at org.testng.internal.Invoker.retryFailed(Invoker.java:998)
	at org.testng.internal.Invoker.invokeTestMethods(Invoker.java:1200)
	at org.testng.internal.TestMethodWorker.invokeTestMethods(TestMethodWorker.java:129)
	at org.testng.internal.TestMethodWorker.run(TestMethodWorker.java:112)
	at org.testng.TestRunner.privateRun(TestRunner.java:756)
	at org.testng.TestRunner.run(TestRunner.java:610)
	at org.testng.SuiteRunner.runTest(SuiteRunner.java:387)
	at org.testng.SuiteRunner.runSequentially(SuiteRunner.java:382)
	at org.testng.SuiteRunner.privateRun(SuiteRunner.java:340)
	at org.testng.SuiteRunner.run(SuiteRunner.java:289)
	at org.testng.SuiteRunnerWorker.runSuite(SuiteRunnerWorker.java:52)
	at org.testng.SuiteRunnerWorker.run(SuiteRunnerWorker.java:86)
	at org.testng.TestNG.runSuitesSequentially(TestNG.java:1293)
	at org.testng.TestNG.runSuitesLocally(TestNG.java:1218)
	at org.testng.TestNG.runSuites(TestNG.java:1133)
	at org.testng.TestNG.run(TestNG.java:1104)
	at com.testrunner.framework.TestRunner.main(TestRunner.java:51)
]]>
            </full-stacktrace>
          </exception> <!-- java.lang.NullPointerException -->
          <reporter-output>
          </reporter-output>
        </test-method> <!-- TC04_UberEats_ValidateMenuCategory -->
        <test-method status="PASS" signature="tearDown()[pri:0, instance:com.testscripts.framework.TestUberEats@1e4b452]" name="tearDown" is-config="true" duration-ms="1327" started-at="2021-11-26T00:44:05Z" finished-at="2021-11-26T00:44:06Z">
          <reporter-output>
          </reporter-output>
        </test-method> <!-- tearDown -->
      </class> <!-- com.testscripts.framework.TestUberEats -->
    </test> <!-- Test Uber Eats in Web browser -->
  </suite> <!-- UberEats -->
  <suite name="DoorDashChilis" duration-ms="18" started-at="2021-11-26T06:44:07Z" finished-at="2021-11-26T06:44:07Z">
    <groups>
    </groups>
    <test name="Test Door Dash Chilis in Web browser" duration-ms="18" started-at="2021-11-26T06:44:07Z" finished-at="2021-11-26T06:44:07Z">
      <class name="com.testscripts.framework.TestDoorDashChilis">
        <test-method status="PASS" signature="setPlatform()[pri:0, instance:com.testscripts.framework.TestDoorDashChilis@9bffaa]" name="setPlatform" is-config="true" duration-ms="8" started-at="2021-11-26T00:44:07Z" finished-at="2021-11-26T00:44:07Z">
          <reporter-output>
          </reporter-output>
        </test-method> <!-- setPlatform -->
      </class> <!-- com.testscripts.framework.TestDoorDashChilis -->
    </test> <!-- Test Door Dash Chilis in Web browser -->
  </suite> <!-- DoorDashChilis -->
  <suite name="DoorDashIJW" duration-ms="20" started-at="2021-11-26T06:44:08Z" finished-at="2021-11-26T06:44:08Z">
    <groups>
    </groups>
    <test name="Test Door Dash IJW in Web browser" duration-ms="20" started-at="2021-11-26T06:44:08Z" finished-at="2021-11-26T06:44:08Z">
      <class name="com.testscripts.framework.TestIJW">
        <test-method status="PASS" signature="setPlatform()[pri:0, instance:com.testscripts.framework.TestIJW@1ac8a8]" name="setPlatform" is-config="true" duration-ms="10" started-at="2021-11-26T00:44:07Z" finished-at="2021-11-26T00:44:08Z">
          <reporter-output>
          </reporter-output>
        </test-method> <!-- setPlatform -->
      </class> <!-- com.testscripts.framework.TestIJW -->
    </test> <!-- Test Door Dash IJW in Web browser -->
  </suite> <!-- DoorDashIJW -->
</testng-results>
