<?xml version="1.0" encoding="UTF-8"?>
<!-- Generated by org.testng.reporters.JUnitXMLReporter -->
<testsuite hostname="DHQWB1" ignored="21" tests="0" failures="0" timestamp="25 Nov 2021 05:48:13 GMT" time="0.015" errors="0">
  <testcase name="TC02_IOS_APP_ValidateLocationSearch_TestCase" time="0.0" classname="com.testscripts.framework.TestChilisIOSApp_QA3">
    <ignored/>
  </testcase> <!-- TC02_IOS_APP_ValidateLocationSearch_TestCase -->
  <testcase name="TC20_IOS_APP_AddMyVisit_TestCase" time="0.0" classname="com.testscripts.framework.TestChilisIOSApp_QA3">
    <ignored/>
  </testcase> <!-- TC20_IOS_APP_AddMyVisit_TestCase -->
  <testcase name="TC18_IOS_APP_CarryOutFutureFavouriteItemsOrder_SignedInUser_TestCase" time="0.0" classname="com.testscripts.framework.TestChilisIOSApp_QA3">
    <ignored/>
  </testcase> <!-- TC18_IOS_APP_CarryOutFutureFavouriteItemsOrder_SignedInUser_TestCase -->
  <testcase name="TC03_IOS_APP_RewardsValidation_loggedInUser_TestCase" time="0.0" classname="com.testscripts.framework.TestChilisIOSApp_QA3">
    <ignored/>
  </testcase> <!-- TC03_IOS_APP_RewardsValidation_loggedInUser_TestCase -->
  <testcase name="TC05_IOS_APP_validateChilisFavouriteItems_TestCase" time="0.0" classname="com.testscripts.framework.TestChilisIOSApp_QA3">
    <ignored/>
  </testcase> <!-- TC05_IOS_APP_validateChilisFavouriteItems_TestCase -->
  <testcase name="TC15_IOS_APP_DeliveryLaterTodayOrder_MCAUser_TestCase" time="0.0" classname="com.testscripts.framework.TestChilisIOSApp_QA3">
    <ignored/>
  </testcase> <!-- TC15_IOS_APP_DeliveryLaterTodayOrder_MCAUser_TestCase -->
  <testcase name="TC17_IOS_APP_CarryOutFutureOrderItemCustomizationOrder_GuestUser_TestCase" time="0.0" classname="com.testscripts.framework.TestChilisIOSApp_QA3">
    <ignored/>
  </testcase> <!-- TC17_IOS_APP_CarryOutFutureOrderItemCustomizationOrder_GuestUser_TestCase -->
  <testcase name="TC19_IOS_APP_Reorder_TestCase" time="0.0" classname="com.testscripts.framework.TestChilisIOSApp_QA3">
    <ignored/>
  </testcase> <!-- TC19_IOS_APP_Reorder_TestCase -->
  <testcase name="TC08_IOS_APP_CarryoutASAPOrder_MCAUser_TestCase" time="0.0" classname="com.testscripts.framework.TestChilisIOSApp_QA3">
    <ignored/>
  </testcase> <!-- TC08_IOS_APP_CarryoutASAPOrder_MCAUser_TestCase -->
  <testcase name="TC09_IOS_APP_CarryoutLaterTodayOrder_MCAUser_TestCase" time="0.0" classname="com.testscripts.framework.TestChilisIOSApp_QA3">
    <ignored/>
  </testcase> <!-- TC09_IOS_APP_CarryoutLaterTodayOrder_MCAUser_TestCase -->
  <testcase name="TC01_IOS_APP_LoginLogout_TestCase" time="0.0" classname="com.testscripts.framework.TestChilisIOSApp_QA3">
    <ignored/>
  </testcase> <!-- TC01_IOS_APP_LoginLogout_TestCase -->
  <testcase name="TC11_IOS_APP_CurbsideGuestUserOrder_TestCase" time="0.0" classname="com.testscripts.framework.TestChilisIOSApp_QA3">
    <ignored/>
  </testcase> <!-- TC11_IOS_APP_CurbsideGuestUserOrder_TestCase -->
  <testcase name="TC04_IOS_APP_UpdateMyAccount_TestCase" time="0.0" classname="com.testscripts.framework.TestChilisIOSApp_QA3">
    <ignored/>
  </testcase> <!-- TC04_IOS_APP_UpdateMyAccount_TestCase -->
  <testcase name="TC10_IOS_APP_CurbsideLaterTodayOrder_MCAUser_TestCase" time="0.0" classname="com.testscripts.framework.TestChilisIOSApp_QA3">
    <ignored/>
  </testcase> <!-- TC10_IOS_APP_CurbsideLaterTodayOrder_MCAUser_TestCase -->
  <testcase name="TC16_IOS_APP_CurbsideItemCustomizationOrder_MCAUser_TestCase" time="0.0" classname="com.testscripts.framework.TestChilisIOSApp_QA3">
    <ignored/>
  </testcase> <!-- TC16_IOS_APP_CurbsideItemCustomizationOrder_MCAUser_TestCase -->
  <testcase name="TC12_IOS_APP_DeliveryASAP_GuestUserOrder_TestCase" time="0.0" classname="com.testscripts.framework.TestChilisIOSApp_QA3">
    <ignored/>
  </testcase> <!-- TC12_IOS_APP_DeliveryASAP_GuestUserOrder_TestCase -->
  <testcase name="TC06_IOS_APP_loggedInUserOrder_TestCase" time="0.0" classname="com.testscripts.framework.TestChilisIOSApp_QA3">
    <ignored/>
  </testcase> <!-- TC06_IOS_APP_loggedInUserOrder_TestCase -->
  <testcase name="TC07_IOS_APP_CurbsideASAPOrder_MCAUser_TestCase" time="0.0" classname="com.testscripts.framework.TestChilisIOSApp_QA3">
    <ignored/>
  </testcase> <!-- TC07_IOS_APP_CurbsideASAPOrder_MCAUser_TestCase -->
  <testcase name="TC14_IOS_APP_DeliveryASAPOrder_MCAUser_TestCase" time="0.0" classname="com.testscripts.framework.TestChilisIOSApp_QA3">
    <ignored/>
  </testcase> <!-- TC14_IOS_APP_DeliveryASAPOrder_MCAUser_TestCase -->
  <testcase name="TC13_IOS_APP_DeliveryLaterToday_GuestUserOrder_TestCase" time="0.0" classname="com.testscripts.framework.TestChilisIOSApp_QA3">
    <ignored/>
  </testcase> <!-- TC13_IOS_APP_DeliveryLaterToday_GuestUserOrder_TestCase -->
  <testcase name="TC21_IOS_APP_PlaceOrderWithRewards_TestCase" time="0.0" classname="com.testscripts.framework.TestChilisIOSApp_QA3">
    <ignored/>
  </testcase> <!-- TC21_IOS_APP_PlaceOrderWithRewards_TestCase -->
</testsuite>
